/home/galeov97/mambaforge/envs/GEP/lib/python3.10/site-packages/google/protobuf/internal/api_implementation.py:110: UserWarning: Selected implementation cpp is not available.
  warnings.warn(
Building DAG of jobs...
Your conda installation is not configured to use strict channel priorities. This is however crucial for having robust and correct environments (for details, see https://conda-forge.org/docs/user/tipsandtricks.html). Please consider to configure strict priorities by executing 'conda config --set channel_priority strict'.
Using shell: /usr/bin/bash
Provided cores: 8
Rules claiming more threads will be scaled down.
Select jobs to execute...

[Wed Dec 13 16:39:35 2023]
rule count_kmers:
    input: /scratch/galeov97/begendiv/pipelines_data_test/beetle/hifi/ERR10287558_trimmed.fq.gz
    output: /scratch/galeov97/begendiv/pipelines_data_test/results/genome_profiling/sample_1.meryl
    jobid: 0
    reason: Forced execution
    wildcards: sample_nr=sample_1
    threads: 8
    resources: mem_mb=250000, disk_mb=25113, tmpdir=/scratch/tmp/galeov97/tmp.15865921.0, partition=begendiv,main, qos=standard, time=12:00:00

Activating conda environment: .snakemake/conda/402a6e3dcf83d20fad55f3a324c837a6

Found 1 command tree.

Counting 36 (estimated) billion canonical 31-mers from 1 input file:
    sequence-file: /scratch/galeov97/begendiv/pipelines_data_test/beetle/hifi/ERR10287558_trimmed.fq.gz


SIMPLE MODE
-----------

  Not possible.


COMPLEX MODE
------------

prefix     # of   struct   kmers/    segs/      min     data    total
  bits   prefix   memory   prefix   prefix   memory   memory   memory
------  -------  -------  -------  -------  -------  -------  -------
     1     2  P   280 MB  9417 MM    17 MS  8192  B   140 GB   140 GB
     2     4  P   275 MB  4708 MM  8831 kS    16 kB   137 GB   138 GB
     3     8  P   271 MB  2354 MM  4343 kS    32 kB   135 GB   136 GB
     4    16  P   267 MB  1177 MM  2137 kS    64 kB   133 GB   133 GB
     5    32  P   262 MB   588 MM  1050 kS   128 kB   131 GB   131 GB
     6    64  P   257 MB   294 MM   515 kS   256 kB   128 GB   129 GB
     7   128  P   253 MB   147 MM   253 kS   512 kB   126 GB   126 GB
     8   256  P   249 MB    73 MM   124 kS  1024 kB   124 GB   124 GB
     9   512  P   245 MB    36 MM    60 kS  2048 kB   121 GB   122 GB
    10  1024  P   242 MB    18 MM    29 kS  4096 kB   119 GB   119 GB
    11  2048  P   241 MB  9417 kM    14 kS  8192 kB   117 GB   117 GB
    12  4096  P   242 MB  4708 kM  7362  S    16 MB   115 GB   115 GB
    13  8192  P   250 MB  2354 kM  3610  S    32 MB   112 GB   113 GB
    14    16 kP   271 MB  1177 kM  1768  S    64 MB   110 GB   110 GB
    15    32 kP   317 MB   588 kM   865  S   128 MB   108 GB   108 GB
    16    64 kP   414 MB   294 kM   424  S   256 MB   106 GB   106 GB
    17   128 kP   611 MB   147 kM   207  S   512 MB   103 GB   104 GB
    18   256 kP  1012 MB    73 kM   102  S  1024 MB   102 GB   102 GB
    19   512 kP  1816 MB    36 kM    50  S  2048 MB   100 GB   101 GB
    20  1024 kP  3432 MB    18 kM    25  S  4096 MB   100 GB   103 GB
    21  2048 kP  6656 MB  9418  M    12  S  8192 MB    96 GB   102 GB  Best Value!
    22  4096 kP    12 GB  4709  M     6  S    16 GB    96 GB   108 GB
    23  8192 kP    25 GB  2355  M     3  S    32 GB    96 GB   121 GB
    24    16 MP    50 GB  1178  M     2  S    64 GB   128 GB   178 GB
    25    32 MP   101 GB   589  M     1  S   128 GB   128 GB   229 GB
    26    64 MP   202 GB   295  M     1  S   256 GB   256 GB   458 GB
    27   128 MP   405 GB   148  M     1  S   512 GB   512 GB   917 GB
    28   256 MP   810 GB    74  M     1  S  1024 GB  1024 GB  1834 GB
    29   512 MP  1620 GB    37  M     1  S  2048 GB  2048 GB  3668 GB


FINAL CONFIGURATION
-------------------

Estimated to require 198 GB memory out of 244 TB allowed.
Estimated to require 2 batches.

Configured complex mode for 198.688 GB memory per batch, and up to 2 batches.

Start counting with THREADED method.
Used 21.056 GB / 249999.938 GB to store      2091664 kmers; need 0.004 GB to sort        35219 kmers
Used 21.262 GB / 249999.938 GB to store      6274868 kmers; need 0.004 GB to sort        36378 kmers
Used 21.461 GB / 249999.938 GB to store     10458165 kmers; need 0.005 GB to sort        40866 kmers
Used 21.586 GB / 249999.938 GB to store     14641276 kmers; need 0.009 GB to sort        75693 kmers
Used 21.717 GB / 249999.938 GB to store     27190237 kmers; need 0.014 GB to sort       114404 kmers
Used 21.842 GB / 249999.938 GB to store     48107528 kmers; need 0.019 GB to sort       157082 kmers
Used 21.959 GB / 249999.938 GB to store     79483301 kmers; need 0.031 GB to sort       258003 kmers
Used 22.074 GB / 249999.938 GB to store    115040626 kmers; need 0.043 GB to sort       364143 kmers
Used 22.188 GB / 249999.938 GB to store    152690780 kmers; need 0.057 GB to sort       478873 kmers
Used 22.303 GB / 249999.938 GB to store    190338779 kmers; need 0.071 GB to sort       592555 kmers
Used 22.416 GB / 249999.938 GB to store    227988197 kmers; need 0.083 GB to sort       700407 kmers
Used 22.530 GB / 249999.938 GB to store    265636114 kmers; need 0.097 GB to sort       810025 kmers
Used 22.647 GB / 249999.938 GB to store    303284888 kmers; need 0.110 GB to sort       923606 kmers
Used 22.761 GB / 249999.938 GB to store    338842052 kmers; need 0.122 GB to sort      1026709 kmers
Used 22.877 GB / 249999.938 GB to store    374400075 kmers; need 0.136 GB to sort      1142699 kmers
Used 22.993 GB / 249999.938 GB to store    409958022 kmers; need 0.149 GB to sort      1253982 kmers
Used 23.107 GB / 249999.938 GB to store    443423437 kmers; need 0.162 GB to sort      1355471 kmers
Used 23.222 GB / 249999.938 GB to store    476888676 kmers; need 0.173 GB to sort      1451485 kmers
Used 23.339 GB / 249999.938 GB to store    510354680 kmers; need 0.187 GB to sort      1565367 kmers
Used 23.457 GB / 249999.938 GB to store    543820281 kmers; need 0.199 GB to sort      1666688 kmers
Used 23.576 GB / 249999.938 GB to store    577285995 kmers; need 0.211 GB to sort      1768560 kmers
Used 23.696 GB / 249999.938 GB to store    610749966 kmers; need 0.223 GB to sort      1868686 kmers
Used 23.809 GB / 249999.938 GB to store    642122942 kmers; need 0.235 GB to sort      1968857 kmers
Used 23.924 GB / 249999.938 GB to store    673495633 kmers; need 0.246 GB to sort      2061248 kmers
Used 24.040 GB / 249999.938 GB to store    704867371 kmers; need 0.257 GB to sort      2155216 kmers
Used 24.156 GB / 249999.938 GB to store    736240750 kmers; need 0.268 GB to sort      2250153 kmers
Used 24.275 GB / 249999.938 GB to store    767613397 kmers; need 0.279 GB to sort      2342133 kmers
Used 24.397 GB / 249999.938 GB to store    798984467 kmers; need 0.290 GB to sort      2435637 kmers
Used 24.518 GB / 249999.938 GB to store    830357939 kmers; need 0.302 GB to sort      2530058 kmers
Used 24.639 GB / 249999.938 GB to store    861730528 kmers; need 0.313 GB to sort      2624425 kmers
Used 24.753 GB / 249999.938 GB to store    891011561 kmers; need 0.324 GB to sort      2717801 kmers
Used 24.874 GB / 249999.938 GB to store    922384754 kmers; need 0.336 GB to sort      2819604 kmers
Used 24.994 GB / 249999.938 GB to store    953757694 kmers; need 0.346 GB to sort      2905953 kmers
Used 25.115 GB / 249999.938 GB to store    985130856 kmers; need 0.357 GB to sort      2994894 kmers
Used 25.229 GB / 249999.938 GB to store   1014411858 kmers; need 0.368 GB to sort      3083592 kmers
Used 25.345 GB / 249999.938 GB to store   1043693883 kmers; need 0.379 GB to sort      3175862 kmers
Used 25.461 GB / 249999.938 GB to store   1072975939 kmers; need 0.389 GB to sort      3260353 kmers
Used 25.583 GB / 249999.938 GB to store   1104347799 kmers; need 0.400 GB to sort      3354013 kmers
Used 25.699 GB / 249999.938 GB to store   1133629297 kmers; need 0.410 GB to sort      3437661 kmers
Used 25.815 GB / 249999.938 GB to store   1162911433 kmers; need 0.418 GB to sort      3508921 kmers
Used 25.933 GB / 249999.938 GB to store   1192193210 kmers; need 0.429 GB to sort      3601526 kmers
Used 26.050 GB / 249999.938 GB to store   1221474951 kmers; need 0.440 GB to sort      3690877 kmers
Used 26.167 GB / 249999.938 GB to store   1250757069 kmers; need 0.449 GB to sort      3769990 kmers
Used 26.286 GB / 249999.938 GB to store   1280038102 kmers; need 0.460 GB to sort      3862193 kmers
Used 26.405 GB / 249999.938 GB to store   1309318006 kmers; need 0.470 GB to sort      3944342 kmers
Used 26.524 GB / 249999.938 GB to store   1338597948 kmers; need 0.480 GB to sort      4030214 kmers
Used 26.644 GB / 249999.938 GB to store   1367879295 kmers; need 0.492 GB to sort      4125931 kmers
Used 26.764 GB / 249999.938 GB to store   1397160312 kmers; need 0.501 GB to sort      4201062 kmers
Used 26.886 GB / 249999.938 GB to store   1426443267 kmers; need 0.511 GB to sort      4285596 kmers
Used 27.008 GB / 249999.938 GB to store   1455725044 kmers; need 0.522 GB to sort      4380587 kmers
Used 27.130 GB / 249999.938 GB to store   1485007017 kmers; need 0.531 GB to sort      4457743 kmers
Used 27.252 GB / 249999.938 GB to store   1514287374 kmers; need 0.542 GB to sort      4548055 kmers
Used 27.374 GB / 249999.938 GB to store   1543568383 kmers; need 0.553 GB to sort      4634794 kmers
Used 27.497 GB / 249999.938 GB to store   1572849478 kmers; need 0.562 GB to sort      4717514 kmers
Used 27.613 GB / 249999.938 GB to store   1600040738 kmers; need 0.572 GB to sort      4796483 kmers
Used 27.737 GB / 249999.938 GB to store   1629323060 kmers; need 0.583 GB to sort      4888751 kmers
Used 27.860 GB / 249999.938 GB to store   1658604465 kmers; need 0.592 GB to sort      4966050 kmers
Used 27.977 GB / 249999.938 GB to store   1685794262 kmers; need 0.602 GB to sort      5049874 kmers
Used 28.101 GB / 249999.938 GB to store   1715076008 kmers; need 0.612 GB to sort      5132034 kmers
Used 28.224 GB / 249999.938 GB to store   1744357634 kmers; need 0.621 GB to sort      5212498 kmers
Used 28.340 GB / 249999.938 GB to store   1771547544 kmers; need 0.631 GB to sort      5295864 kmers
Used 28.455 GB / 249999.938 GB to store   1798737533 kmers; need 0.641 GB to sort      5376238 kmers
Used 28.578 GB / 249999.938 GB to store   1828019342 kmers; need 0.651 GB to sort      5459179 kmers
Used 28.703 GB / 249999.938 GB to store   1857301443 kmers; need 0.660 GB to sort      5536649 kmers
Used 28.827 GB / 249999.938 GB to store   1886583309 kmers; need 0.670 GB to sort      5622100 kmers
Used 28.951 GB / 249999.938 GB to store   1915864009 kmers; need 0.680 GB to sort      5706862 kmers
Used 29.076 GB / 249999.938 GB to store   1945146034 kmers; need 0.689 GB to sort      5778777 kmers
Used 29.201 GB / 249999.938 GB to store   1974426664 kmers; need 0.699 GB to sort      5863379 kmers
Used 29.318 GB / 249999.938 GB to store   2001615858 kmers; need 0.709 GB to sort      5950713 kmers
Used 29.435 GB / 249999.938 GB to store   2028805204 kmers; need 0.719 GB to sort      6028280 kmers
Used 29.553 GB / 249999.938 GB to store   2055995100 kmers; need 0.727 GB to sort      6102248 kmers
Used 29.670 GB / 249999.938 GB to store   2083185616 kmers; need 0.736 GB to sort      6175870 kmers
Used 29.788 GB / 249999.938 GB to store   2110375404 kmers; need 0.746 GB to sort      6256460 kmers
Used 29.906 GB / 249999.938 GB to store   2137565145 kmers; need 0.755 GB to sort      6332106 kmers
Used 30.024 GB / 249999.938 GB to store   2164755599 kmers; need 0.764 GB to sort      6411427 kmers
Used 30.143 GB / 249999.938 GB to store   2191946209 kmers; need 0.773 GB to sort      6482304 kmers
Used 30.262 GB / 249999.938 GB to store   2219137472 kmers; need 0.783 GB to sort      6565600 kmers
Used 30.381 GB / 249999.938 GB to store   2246327994 kmers; need 0.793 GB to sort      6648977 kmers
Used 30.502 GB / 249999.938 GB to store   2273518665 kmers; need 0.801 GB to sort      6720144 kmers
Used 30.621 GB / 249999.938 GB to store   2300710235 kmers; need 0.812 GB to sort      6809339 kmers
Used 30.742 GB / 249999.938 GB to store   2327900709 kmers; need 0.820 GB to sort      6882767 kmers
Used 30.862 GB / 249999.938 GB to store   2355091287 kmers; need 0.829 GB to sort      6957498 kmers
Used 30.981 GB / 249999.938 GB to store   2382281728 kmers; need 0.839 GB to sort      7036183 kmers
Used 31.101 GB / 249999.938 GB to store   2409472573 kmers; need 0.848 GB to sort      7111767 kmers
Used 31.221 GB / 249999.938 GB to store   2436663678 kmers; need 0.856 GB to sort      7182741 kmers
Used 31.342 GB / 249999.938 GB to store   2463855051 kmers; need 0.866 GB to sort      7265038 kmers
Used 31.463 GB / 249999.938 GB to store   2491046280 kmers; need 0.876 GB to sort      7345358 kmers
Used 31.585 GB / 249999.938 GB to store   2518237197 kmers; need 0.884 GB to sort      7415876 kmers
Used 31.705 GB / 249999.938 GB to store   2545426476 kmers; need 0.893 GB to sort      7488844 kmers
Used 31.825 GB / 249999.938 GB to store   2572617367 kmers; need 0.901 GB to sort      7560273 kmers
Used 31.946 GB / 249999.938 GB to store   2599807567 kmers; need 0.911 GB to sort      7637913 kmers
Used 32.068 GB / 249999.938 GB to store   2626998517 kmers; need 0.919 GB to sort      7713283 kmers
Used 32.188 GB / 249999.938 GB to store   2654188785 kmers; need 0.929 GB to sort      7790652 kmers
Used 32.309 GB / 249999.938 GB to store   2681379629 kmers; need 0.938 GB to sort      7867147 kmers
Used 32.431 GB / 249999.938 GB to store   2708570641 kmers; need 0.949 GB to sort      7958442 kmers
Used 32.552 GB / 249999.938 GB to store   2735761653 kmers; need 0.957 GB to sort      8026645 kmers
Used 32.673 GB / 249999.938 GB to store   2762953141 kmers; need 0.966 GB to sort      8102810 kmers
Used 32.795 GB / 249999.938 GB to store   2790144357 kmers; need 0.976 GB to sort      8187585 kmers
Used 32.917 GB / 249999.938 GB to store   2817334981 kmers; need 0.985 GB to sort      8261185 kmers
Used 33.039 GB / 249999.938 GB to store   2844526210 kmers; need 0.994 GB to sort      8335600 kmers
Used 33.160 GB / 249999.938 GB to store   2871716199 kmers; need 1.004 GB to sort      8419877 kmers
Used 33.281 GB / 249999.938 GB to store   2898906901 kmers; need 1.013 GB to sort      8500203 kmers
Used 33.404 GB / 249999.938 GB to store   2926097383 kmers; need 1.023 GB to sort      8581653 kmers
Used 33.526 GB / 249999.938 GB to store   2953288984 kmers; need 1.032 GB to sort      8655288 kmers
Used 33.650 GB / 249999.938 GB to store   2980479816 kmers; need 1.040 GB to sort      8726894 kmers
Used 33.771 GB / 249999.938 GB to store   3007670151 kmers; need 1.050 GB to sort      8811533 kmers
Used 33.894 GB / 249999.938 GB to store   3034859675 kmers; need 1.061 GB to sort      8898045 kmers
Used 34.017 GB / 249999.938 GB to store   3062050811 kmers; need 1.070 GB to sort      8975206 kmers
Used 34.140 GB / 249999.938 GB to store   3089241836 kmers; need 1.079 GB to sort      9054473 kmers
Used 34.264 GB / 249999.938 GB to store   3116432693 kmers; need 1.088 GB to sort      9126227 kmers
Used 34.387 GB / 249999.938 GB to store   3143623364 kmers; need 1.097 GB to sort      9202919 kmers
Used 34.510 GB / 249999.938 GB to store   3170814531 kmers; need 1.107 GB to sort      9282929 kmers
Used 34.634 GB / 249999.938 GB to store   3198004923 kmers; need 1.116 GB to sort      9361019 kmers
Used 34.758 GB / 249999.938 GB to store   3225195594 kmers; need 1.125 GB to sort      9439849 kmers
Used 34.881 GB / 249999.938 GB to store   3252385350 kmers; need 1.134 GB to sort      9514846 kmers
Used 35.006 GB / 249999.938 GB to store   3279575882 kmers; need 1.142 GB to sort      9583462 kmers
Used 35.130 GB / 249999.938 GB to store   3306766119 kmers; need 1.153 GB to sort      9672167 kmers
Used 35.254 GB / 249999.938 GB to store   3333957038 kmers; need 1.163 GB to sort      9753517 kmers
Used 35.379 GB / 249999.938 GB to store   3361146438 kmers; need 1.172 GB to sort      9831044 kmers
Used 35.504 GB / 249999.938 GB to store   3388337357 kmers; need 1.181 GB to sort      9907152 kmers
Used 35.629 GB / 249999.938 GB to store   3415528672 kmers; need 1.191 GB to sort      9991845 kmers
Used 35.754 GB / 249999.938 GB to store   3442718089 kmers; need 1.200 GB to sort     10067542 kmers
Used 35.878 GB / 249999.938 GB to store   3469908698 kmers; need 1.208 GB to sort     10136474 kmers
Used 36.001 GB / 249999.938 GB to store   3497099121 kmers; need 1.217 GB to sort     10206235 kmers
Used 36.125 GB / 249999.938 GB to store   3524289152 kmers; need 1.227 GB to sort     10289659 kmers
Used 36.251 GB / 249999.938 GB to store   3551479637 kmers; need 1.236 GB to sort     10369595 kmers
Used 36.375 GB / 249999.938 GB to store   3578669688 kmers; need 1.245 GB to sort     10446716 kmers
Used 36.500 GB / 249999.938 GB to store   3605860297 kmers; need 1.254 GB to sort     10516648 kmers
Used 36.624 GB / 249999.938 GB to store   3633050224 kmers; need 1.263 GB to sort     10592417 kmers
Used 36.747 GB / 249999.938 GB to store   3660240490 kmers; need 1.272 GB to sort     10667186 kmers
Used 36.872 GB / 249999.938 GB to store   3687431557 kmers; need 1.281 GB to sort     10744866 kmers
Used 36.997 GB / 249999.938 GB to store   3714621329 kmers; need 1.291 GB to sort     10827917 kmers
Used 37.122 GB / 249999.938 GB to store   3741811312 kmers; need 1.300 GB to sort     10907025 kmers
Used 37.248 GB / 249999.938 GB to store   3769001270 kmers; need 1.310 GB to sort     10986337 kmers
Used 37.372 GB / 249999.938 GB to store   3796190205 kmers; need 1.318 GB to sort     11055603 kmers
Used 37.489 GB / 249999.938 GB to store   3821289336 kmers; need 1.328 GB to sort     11137182 kmers
Used 37.605 GB / 249999.938 GB to store   3846388336 kmers; need 1.337 GB to sort     11216706 kmers
Used 37.730 GB / 249999.938 GB to store   3873578502 kmers; need 1.346 GB to sort     11290452 kmers
Used 37.856 GB / 249999.938 GB to store   3900768336 kmers; need 1.354 GB to sort     11359768 kmers
Used 37.981 GB / 249999.938 GB to store   3927958088 kmers; need 1.364 GB to sort     11441160 kmers
Used 38.108 GB / 249999.938 GB to store   3955147736 kmers; need 1.374 GB to sort     11524817 kmers
Used 38.233 GB / 249999.938 GB to store   3982337606 kmers; need 1.382 GB to sort     11596136 kmers
Used 38.359 GB / 249999.938 GB to store   4009528401 kmers; need 1.391 GB to sort     11672681 kmers
Used 38.485 GB / 249999.938 GB to store   4036718356 kmers; need 1.401 GB to sort     11749362 kmers
Used 38.610 GB / 249999.938 GB to store   4063908159 kmers; need 1.409 GB to sort     11818983 kmers
Used 38.728 GB / 249999.938 GB to store   4089008390 kmers; need 1.417 GB to sort     11889877 kmers
Used 38.854 GB / 249999.938 GB to store   4116197480 kmers; need 1.428 GB to sort     11974778 kmers
Used 38.971 GB / 249999.938 GB to store   4141296883 kmers; need 1.436 GB to sort     12047523 kmers
Used 39.097 GB / 249999.938 GB to store   4168488045 kmers; need 1.447 GB to sort     12138288 kmers
Used 39.214 GB / 249999.938 GB to store   4193587998 kmers; need 1.456 GB to sort     12210734 kmers
Used 39.340 GB / 249999.938 GB to store   4220778176 kmers; need 1.464 GB to sort     12283848 kmers
Used 39.457 GB / 249999.938 GB to store   4245877524 kmers; need 1.473 GB to sort     12356973 kmers
Used 39.573 GB / 249999.938 GB to store   4270977213 kmers; need 1.482 GB to sort     12434528 kmers
Used 39.690 GB / 249999.938 GB to store   4296075507 kmers; need 1.492 GB to sort     12512161 kmers
Used 39.816 GB / 249999.938 GB to store   4323265175 kmers; need 1.499 GB to sort     12577406 kmers
Used 39.933 GB / 249999.938 GB to store   4348363624 kmers; need 1.508 GB to sort     12652076 kmers
Used 40.050 GB / 249999.938 GB to store   4373462786 kmers; need 1.517 GB to sort     12725984 kmers
Used 40.166 GB / 249999.938 GB to store   4398560584 kmers; need 1.526 GB to sort     12801810 kmers
Used 40.283 GB / 249999.938 GB to store   4423659396 kmers; need 1.534 GB to sort     12871794 kmers
Used 40.400 GB / 249999.938 GB to store   4448758837 kmers; need 1.542 GB to sort     12939158 kmers
Used 40.517 GB / 249999.938 GB to store   4473856785 kmers; need 1.551 GB to sort     13013182 kmers
Used 40.634 GB / 249999.938 GB to store   4498953932 kmers; need 1.560 GB to sort     13084867 kmers
Used 40.752 GB / 249999.938 GB to store   4524052525 kmers; need 1.568 GB to sort     13157306 kmers
Used 40.869 GB / 249999.938 GB to store   4549151472 kmers; need 1.577 GB to sort     13225979 kmers
Used 40.986 GB / 249999.938 GB to store   4574249397 kmers; need 1.585 GB to sort     13296495 kmers
Used 41.103 GB / 249999.938 GB to store   4599347654 kmers; need 1.594 GB to sort     13373708 kmers
Used 41.221 GB / 249999.938 GB to store   4624447746 kmers; need 1.602 GB to sort     13439666 kmers
Used 41.347 GB / 249999.938 GB to store   4651637880 kmers; need 1.610 GB to sort     13509366 kmers
Used 41.465 GB / 249999.938 GB to store   4676737135 kmers; need 1.618 GB to sort     13575729 kmers
Used 41.583 GB / 249999.938 GB to store   4701836266 kmers; need 1.627 GB to sort     13648589 kmers
Used 41.700 GB / 249999.938 GB to store   4726935676 kmers; need 1.636 GB to sort     13722321 kmers
Used 41.818 GB / 249999.938 GB to store   4752034094 kmers; need 1.644 GB to sort     13793187 kmers
Used 41.936 GB / 249999.938 GB to store   4777132861 kmers; need 1.653 GB to sort     13865047 kmers
Used 42.053 GB / 249999.938 GB to store   4802231093 kmers; need 1.661 GB to sort     13934162 kmers
Used 42.171 GB / 249999.938 GB to store   4827329767 kmers; need 1.670 GB to sort     14009192 kmers
Used 42.289 GB / 249999.938 GB to store   4852427930 kmers; need 1.679 GB to sort     14083836 kmers
Used 42.416 GB / 249999.938 GB to store   4879618379 kmers; need 1.687 GB to sort     14154161 kmers
Used 42.534 GB / 249999.938 GB to store   4904717634 kmers; need 1.696 GB to sort     14225315 kmers
Used 42.651 GB / 249999.938 GB to store   4929816517 kmers; need 1.704 GB to sort     14293691 kmers
Used 42.769 GB / 249999.938 GB to store   4954914036 kmers; need 1.713 GB to sort     14366550 kmers
Used 42.888 GB / 249999.938 GB to store   4980012082 kmers; need 1.721 GB to sort     14436982 kmers
Used 43.006 GB / 249999.938 GB to store   5005109860 kmers; need 1.730 GB to sort     14510461 kmers
Used 43.124 GB / 249999.938 GB to store   5030207906 kmers; need 1.738 GB to sort     14578388 kmers
Used 43.242 GB / 249999.938 GB to store   5055305747 kmers; need 1.746 GB to sort     14650068 kmers
Used 43.360 GB / 249999.938 GB to store   5080403917 kmers; need 1.755 GB to sort     14718874 kmers
Used 43.479 GB / 249999.938 GB to store   5105502304 kmers; need 1.763 GB to sort     14792373 kmers
Used 43.597 GB / 249999.938 GB to store   5130601435 kmers; need 1.772 GB to sort     14862850 kmers
Used 43.715 GB / 249999.938 GB to store   5155700256 kmers; need 1.780 GB to sort     14934558 kmers
Used 43.833 GB / 249999.938 GB to store   5180799790 kmers; need 1.789 GB to sort     15005687 kmers
Used 43.951 GB / 249999.938 GB to store   5205897898 kmers; need 1.797 GB to sort     15073874 kmers
Used 44.070 GB / 249999.938 GB to store   5230997153 kmers; need 1.806 GB to sort     15146591 kmers
Used 44.187 GB / 249999.938 GB to store   5256095223 kmers; need 1.814 GB to sort     15216752 kmers
Used 44.305 GB / 249999.938 GB to store   5281192787 kmers; need 1.823 GB to sort     15289993 kmers
Used 44.424 GB / 249999.938 GB to store   5306291577 kmers; need 1.831 GB to sort     15360442 kmers
Used 44.542 GB / 249999.938 GB to store   5331390026 kmers; need 1.839 GB to sort     15428655 kmers
Used 44.660 GB / 249999.938 GB to store   5356488506 kmers; need 1.847 GB to sort     15494840 kmers
Used 44.778 GB / 249999.938 GB to store   5381587749 kmers; need 1.855 GB to sort     15563903 kmers
Used 44.897 GB / 249999.938 GB to store   5406685889 kmers; need 1.865 GB to sort     15640638 kmers
Used 45.015 GB / 249999.938 GB to store   5431784369 kmers; need 1.873 GB to sort     15712242 kmers
Used 45.135 GB / 249999.938 GB to store   5456883598 kmers; need 1.882 GB to sort     15786040 kmers
Used 45.253 GB / 249999.938 GB to store   5481982002 kmers; need 1.890 GB to sort     15856077 kmers
Used 45.371 GB / 249999.938 GB to store   5507080172 kmers; need 1.898 GB to sort     15918309 kmers
Used 45.489 GB / 249999.938 GB to store   5532178807 kmers; need 1.906 GB to sort     15987933 kmers
Used 45.608 GB / 249999.938 GB to store   5557277101 kmers; need 1.914 GB to sort     16056048 kmers
Used 45.726 GB / 249999.938 GB to store   5582376356 kmers; need 1.922 GB to sort     16121680 kmers
Used 45.844 GB / 249999.938 GB to store   5607475642 kmers; need 1.930 GB to sort     16192489 kmers
Used 45.962 GB / 249999.938 GB to store   5632574205 kmers; need 1.939 GB to sort     16263305 kmers
Used 46.082 GB / 249999.938 GB to store   5657672143 kmers; need 1.947 GB to sort     16331228 kmers
Used 46.201 GB / 249999.938 GB to store   5682770750 kmers; need 1.955 GB to sort     16399495 kmers
Used 46.319 GB / 249999.938 GB to store   5707869739 kmers; need 1.964 GB to sort     16471913 kmers
Used 46.437 GB / 249999.938 GB to store   5732966800 kmers; need 1.972 GB to sort     16543277 kmers
Used 46.556 GB / 249999.938 GB to store   5758066117 kmers; need 1.980 GB to sort     16608315 kmers
Used 46.675 GB / 249999.938 GB to store   5783164368 kmers; need 1.988 GB to sort     16674552 kmers
Used 46.794 GB / 249999.938 GB to store   5808263096 kmers; need 1.997 GB to sort     16753473 kmers
Used 46.913 GB / 249999.938 GB to store   5833361598 kmers; need 2.005 GB to sort     16821452 kmers
Used 47.032 GB / 249999.938 GB to store   5858460140 kmers; need 2.014 GB to sort     16891739 kmers
Used 47.150 GB / 249999.938 GB to store   5883557960 kmers; need 2.022 GB to sort     16962804 kmers
Used 47.270 GB / 249999.938 GB to store   5908655913 kmers; need 2.030 GB to sort     17031472 kmers
Used 47.388 GB / 249999.938 GB to store   5933755199 kmers; need 2.039 GB to sort     17102744 kmers
Used 47.507 GB / 249999.938 GB to store   5958852718 kmers; need 2.047 GB to sort     17169477 kmers
Used 47.626 GB / 249999.938 GB to store   5983950758 kmers; need 2.056 GB to sort     17244121 kmers
Used 47.744 GB / 249999.938 GB to store   6009049052 kmers; need 2.063 GB to sort     17307940 kmers
Used 47.864 GB / 249999.938 GB to store   6034147782 kmers; need 2.072 GB to sort     17378876 kmers
Used 47.983 GB / 249999.938 GB to store   6059245571 kmers; need 2.080 GB to sort     17448479 kmers
Used 48.101 GB / 249999.938 GB to store   6084344396 kmers; need 2.088 GB to sort     17517874 kmers
Used 48.221 GB / 249999.938 GB to store   6109443155 kmers; need 2.097 GB to sort     17588039 kmers
Used 48.340 GB / 249999.938 GB to store   6134541139 kmers; need 2.104 GB to sort     17649394 kmers
Used 48.458 GB / 249999.938 GB to store   6159639757 kmers; need 2.112 GB to sort     17719842 kmers
Used 48.578 GB / 249999.938 GB to store   6184737648 kmers; need 2.120 GB to sort     17785906 kmers
Used 48.697 GB / 249999.938 GB to store   6209836283 kmers; need 2.128 GB to sort     17854024 kmers
Used 48.816 GB / 249999.938 GB to store   6234935539 kmers; need 2.137 GB to sort     17922466 kmers
Used 48.935 GB / 249999.938 GB to store   6260033303 kmers; need 2.145 GB to sort     17997464 kmers
Used 49.054 GB / 249999.938 GB to store   6285132849 kmers; need 2.154 GB to sort     18067938 kmers
Used 49.174 GB / 249999.938 GB to store   6310231360 kmers; need 2.162 GB to sort     18133514 kmers
Used 49.294 GB / 249999.938 GB to store   6335328569 kmers; need 2.170 GB to sort     18200689 kmers
Used 49.413 GB / 249999.938 GB to store   6360427018 kmers; need 2.178 GB to sort     18274046 kmers
Used 49.532 GB / 249999.938 GB to store   6385524481 kmers; need 2.187 GB to sort     18346797 kmers
Used 49.651 GB / 249999.938 GB to store   6410622496 kmers; need 2.196 GB to sort     18418403 kmers
Used 49.771 GB / 249999.938 GB to store   6435721844 kmers; need 2.204 GB to sort     18489745 kmers
Used 49.890 GB / 249999.938 GB to store   6460821161 kmers; need 2.212 GB to sort     18556708 kmers
Used 50.008 GB / 249999.938 GB to store   6485919672 kmers; need 2.220 GB to sort     18624009 kmers
Used 50.128 GB / 249999.938 GB to store   6511017594 kmers; need 2.228 GB to sort     18691764 kmers
Used 50.248 GB / 249999.938 GB to store   6536116942 kmers; need 2.237 GB to sort     18761614 kmers
Used 50.368 GB / 249999.938 GB to store   6561213779 kmers; need 2.245 GB to sort     18834471 kmers
Used 50.488 GB / 249999.938 GB to store   6586311127 kmers; need 2.253 GB to sort     18901177 kmers
Used 50.607 GB / 249999.938 GB to store   6611408863 kmers; need 2.262 GB to sort     18971473 kmers
Used 50.727 GB / 249999.938 GB to store   6636506785 kmers; need 2.269 GB to sort     19037823 kmers
Used 50.847 GB / 249999.938 GB to store   6661604490 kmers; need 2.278 GB to sort     19113252 kmers
Used 50.967 GB / 249999.938 GB to store   6686702598 kmers; need 2.287 GB to sort     19183664 kmers
Used 51.087 GB / 249999.938 GB to store   6711801605 kmers; need 2.295 GB to sort     19254514 kmers
Used 51.205 GB / 249999.938 GB to store   6736899248 kmers; need 2.304 GB to sort     19329176 kmers
Used 51.325 GB / 249999.938 GB to store   6761995930 kmers; need 2.313 GB to sort     19400544 kmers
Used 51.446 GB / 249999.938 GB to store   6787095495 kmers; need 2.322 GB to sort     19475251 kmers
Used 51.566 GB / 249999.938 GB to store   6812194223 kmers; need 2.329 GB to sort     19537469 kmers
Used 51.685 GB / 249999.938 GB to store   6837292052 kmers; need 2.337 GB to sort     19604511 kmers
Used 51.804 GB / 249999.938 GB to store   6862391059 kmers; need 2.346 GB to sort     19677048 kmers
Used 51.924 GB / 249999.938 GB to store   6887489818 kmers; need 2.354 GB to sort     19747834 kmers
Used 52.043 GB / 249999.938 GB to store   6912588391 kmers; need 2.363 GB to sort     19823083 kmers
Used 52.164 GB / 249999.938 GB to store   6937685963 kmers; need 2.371 GB to sort     19891717 kmers
Used 52.283 GB / 249999.938 GB to store   6962784205 kmers; need 2.380 GB to sort     19960906 kmers
Used 52.404 GB / 249999.938 GB to store   6987882671 kmers; need 2.387 GB to sort     20027438 kmers
Used 52.523 GB / 249999.938 GB to store   7012980594 kmers; need 2.396 GB to sort     20095567 kmers
Used 52.643 GB / 249999.938 GB to store   7038078423 kmers; need 2.404 GB to sort     20166076 kmers
Used 52.763 GB / 249999.938 GB to store   7063176624 kmers; need 2.412 GB to sort     20231431 kmers
Used 52.882 GB / 249999.938 GB to store   7088276220 kmers; need 2.419 GB to sort     20293073 kmers
Used 53.003 GB / 249999.938 GB to store   7113375226 kmers; need 2.427 GB to sort     20362574 kmers
Used 53.122 GB / 249999.938 GB to store   7138473520 kmers; need 2.435 GB to sort     20426831 kmers
Used 53.242 GB / 249999.938 GB to store   7163573610 kmers; need 2.443 GB to sort     20496427 kmers
Used 53.362 GB / 249999.938 GB to store   7188671118 kmers; need 2.452 GB to sort     20565803 kmers
Used 53.482 GB / 249999.938 GB to store   7213767964 kmers; need 2.460 GB to sort     20636136 kmers
Used 53.601 GB / 249999.938 GB to store   7238865096 kmers; need 2.468 GB to sort     20701680 kmers
Used 53.722 GB / 249999.938 GB to store   7263963314 kmers; need 2.476 GB to sort     20774146 kmers
Used 53.842 GB / 249999.938 GB to store   7289061453 kmers; need 2.485 GB to sort     20845723 kmers
Used 53.961 GB / 249999.938 GB to store   7314160150 kmers; need 2.493 GB to sort     20914748 kmers
Used 54.082 GB / 249999.938 GB to store   7339259312 kmers; need 2.501 GB to sort     20981955 kmers
Used 54.201 GB / 249999.938 GB to store   7364357451 kmers; need 2.510 GB to sort     21055149 kmers
Used 54.320 GB / 249999.938 GB to store   7389455962 kmers; need 2.519 GB to sort     21127766 kmers
Used 54.441 GB / 249999.938 GB to store   7414554442 kmers; need 2.529 GB to sort     21211031 kmers
Used 54.562 GB / 249999.938 GB to store   7439652272 kmers; need 2.537 GB to sort     21282140 kmers
Used 54.681 GB / 249999.938 GB to store   7464750469 kmers; need 2.545 GB to sort     21350474 kmers
Used 54.801 GB / 249999.938 GB to store   7489849259 kmers; need 2.554 GB to sort     21425330 kmers
Used 54.921 GB / 249999.938 GB to store   7514948081 kmers; need 2.562 GB to sort     21489577 kmers
Used 55.042 GB / 249999.938 GB to store   7540046046 kmers; need 2.570 GB to sort     21558635 kmers
Used 55.162 GB / 249999.938 GB to store   7565143780 kmers; need 2.578 GB to sort     21623276 kmers
Used 55.283 GB / 249999.938 GB to store   7590241776 kmers; need 2.586 GB to sort     21693251 kmers
Used 55.403 GB / 249999.938 GB to store   7615341031 kmers; need 2.595 GB to sort     21770934 kmers
Used 55.523 GB / 249999.938 GB to store   7640438860 kmers; need 2.603 GB to sort     21838784 kmers
Used 55.643 GB / 249999.938 GB to store   7665538425 kmers; need 2.612 GB to sort     21911195 kmers
Used 55.763 GB / 249999.938 GB to store   7690637556 kmers; need 2.620 GB to sort     21977136 kmers
Used 55.884 GB / 249999.938 GB to store   7715736749 kmers; need 2.628 GB to sort     22042835 kmers
Used 56.003 GB / 249999.938 GB to store   7740835012 kmers; need 2.637 GB to sort     22116649 kmers
Used 56.124 GB / 249999.938 GB to store   7765932965 kmers; need 2.645 GB to sort     22187142 kmers
Used 56.244 GB / 249999.938 GB to store   7791030568 kmers; need 2.653 GB to sort     22258445 kmers
Used 56.365 GB / 249999.938 GB to store   7816129626 kmers; need 2.662 GB to sort     22328230 kmers
Used 56.485 GB / 249999.938 GB to store   7841227703 kmers; need 2.669 GB to sort     22393257 kmers
Used 56.604 GB / 249999.938 GB to store   7866325842 kmers; need 2.678 GB to sort     22462579 kmers
Used 56.724 GB / 249999.938 GB to store   7891424787 kmers; need 2.687 GB to sort     22536215 kmers
Used 56.845 GB / 249999.938 GB to store   7916523109 kmers; need 2.695 GB to sort     22603787 kmers
Used 56.965 GB / 249999.938 GB to store   7941620814 kmers; need 2.703 GB to sort     22672775 kmers
Used 57.086 GB / 249999.938 GB to store   7966718105 kmers; need 2.712 GB to sort     22748960 kmers
Used 57.206 GB / 249999.938 GB to store   7991816554 kmers; need 2.720 GB to sort     22815911 kmers
Used 57.327 GB / 249999.938 GB to store   8016914941 kmers; need 2.728 GB to sort     22885490 kmers
Used 57.448 GB / 249999.938 GB to store   8042012318 kmers; need 2.737 GB to sort     22958047 kmers
Used 57.568 GB / 249999.938 GB to store   8067110395 kmers; need 2.745 GB to sort     23030186 kmers
Used 57.688 GB / 249999.938 GB to store   8092208690 kmers; need 2.754 GB to sort     23101963 kmers
Used 57.808 GB / 249999.938 GB to store   8117307914 kmers; need 2.762 GB to sort     23166751 kmers
Used 57.928 GB / 249999.938 GB to store   8142407107 kmers; need 2.770 GB to sort     23235118 kmers
Used 58.049 GB / 249999.938 GB to store   8167505897 kmers; need 2.778 GB to sort     23307685 kmers
Used 58.169 GB / 249999.938 GB to store   8192604718 kmers; need 2.786 GB to sort     23371943 kmers
Used 58.290 GB / 249999.938 GB to store   8217704066 kmers; need 2.794 GB to sort     23440048 kmers
Used 58.409 GB / 249999.938 GB to store   8242802076 kmers; need 2.804 GB to sort     23519561 kmers
Used 58.529 GB / 249999.938 GB to store   8267901114 kmers; need 2.812 GB to sort     23592163 kmers
Used 58.649 GB / 249999.938 GB to store   8292999313 kmers; need 2.820 GB to sort     23658788 kmers
Used 58.769 GB / 249999.938 GB to store   8318096611 kmers; need 2.829 GB to sort     23730504 kmers
Used 58.889 GB / 249999.938 GB to store   8343194471 kmers; need 2.838 GB to sort     23805323 kmers
Used 59.010 GB / 249999.938 GB to store   8368292796 kmers; need 2.846 GB to sort     23872233 kmers
Used 59.130 GB / 249999.938 GB to store   8393390067 kmers; need 2.854 GB to sort     23939462 kmers
Used 59.251 GB / 249999.938 GB to store   8418487692 kmers; need 2.862 GB to sort     24005999 kmers
Used 59.371 GB / 249999.938 GB to store   8443585641 kmers; need 2.870 GB to sort     24078018 kmers
Used 59.491 GB / 249999.938 GB to store   8468683718 kmers; need 2.878 GB to sort     24143300 kmers
Used 59.612 GB / 249999.938 GB to store   8493781336 kmers; need 2.886 GB to sort     24212278 kmers
Used 59.733 GB / 249999.938 GB to store   8518878483 kmers; need 2.895 GB to sort     24281027 kmers
Used 59.852 GB / 249999.938 GB to store   8543977366 kmers; need 2.903 GB to sort     24348817 kmers
Used 59.973 GB / 249999.938 GB to store   8569076314 kmers; need 2.911 GB to sort     24419655 kmers
Used 60.093 GB / 249999.938 GB to store   8594174184 kmers; need 2.919 GB to sort     24488637 kmers
Used 60.214 GB / 249999.938 GB to store   8619272168 kmers; need 2.928 GB to sort     24558730 kmers
Used 60.334 GB / 249999.938 GB to store   8644370834 kmers; need 2.936 GB to sort     24625232 kmers
Used 60.455 GB / 249999.938 GB to store   8669467118 kmers; need 2.944 GB to sort     24698953 kmers
Used 60.576 GB / 249999.938 GB to store   8694564668 kmers; need 2.952 GB to sort     24760650 kmers
Used 60.697 GB / 249999.938 GB to store   8719662931 kmers; need 2.960 GB to sort     24832736 kmers
Used 60.817 GB / 249999.938 GB to store   8744761318 kmers; need 2.969 GB to sort     24904249 kmers
Used 60.937 GB / 249999.938 GB to store   8769858624 kmers; need 2.977 GB to sort     24976108 kmers
Used 61.057 GB / 249999.938 GB to store   8794957755 kmers; need 2.986 GB to sort     25051520 kmers
Used 61.178 GB / 249999.938 GB to store   8820055303 kmers; need 2.995 GB to sort     25123741 kmers
Used 61.298 GB / 249999.938 GB to store   8845152821 kmers; need 3.003 GB to sort     25191857 kmers
Used 61.418 GB / 249999.938 GB to store   8870249971 kmers; need 3.011 GB to sort     25259317 kmers
Used 61.539 GB / 249999.938 GB to store   8895348234 kmers; need 3.019 GB to sort     25328135 kmers
Used 61.660 GB / 249999.938 GB to store   8920445839 kmers; need 3.028 GB to sort     25398621 kmers
Used 61.781 GB / 249999.938 GB to store   8945543947 kmers; need 3.036 GB to sort     25466667 kmers
Used 61.901 GB / 249999.938 GB to store   8970640854 kmers; need 3.044 GB to sort     25532023 kmers
Used 62.021 GB / 249999.938 GB to store   8995739117 kmers; need 3.052 GB to sort     25601992 kmers
Used 62.141 GB / 249999.938 GB to store   9020837752 kmers; need 3.060 GB to sort     25667123 kmers
Used 62.263 GB / 249999.938 GB to store   9045935395 kmers; need 3.069 GB to sort     25742887 kmers
Used 62.384 GB / 249999.938 GB to store   9071034154 kmers; need 3.077 GB to sort     25814367 kmers
Used 62.504 GB / 249999.938 GB to store   9096132572 kmers; need 3.086 GB to sort     25883756 kmers
Used 62.625 GB / 249999.938 GB to store   9121230029 kmers; need 3.094 GB to sort     25954804 kmers
Used 62.745 GB / 249999.938 GB to store   9146327541 kmers; need 3.103 GB to sort     26027705 kmers
Used 62.865 GB / 249999.938 GB to store   9171426083 kmers; need 3.111 GB to sort     26098327 kmers
Used 62.985 GB / 249999.938 GB to store   9196524202 kmers; need 3.119 GB to sort     26160431 kmers
Used 63.106 GB / 249999.938 GB to store   9221621535 kmers; need 3.127 GB to sort     26228714 kmers
Used 63.226 GB / 249999.938 GB to store   9246719333 kmers; need 3.135 GB to sort     26295357 kmers
Used 63.346 GB / 249999.938 GB to store   9271817286 kmers; need 3.143 GB to sort     26366224 kmers
Used 63.467 GB / 249999.938 GB to store   9296915890 kmers; need 3.151 GB to sort     26428522 kmers
Used 63.587 GB / 249999.938 GB to store   9322014339 kmers; need 3.159 GB to sort     26499792 kmers
Used 63.708 GB / 249999.938 GB to store   9347112062 kmers; need 3.167 GB to sort     26563972 kmers
Used 63.829 GB / 249999.938 GB to store   9372209457 kmers; need 3.175 GB to sort     26634259 kmers
Used 63.950 GB / 249999.938 GB to store   9397307720 kmers; need 3.183 GB to sort     26704986 kmers
Used 64.070 GB / 249999.938 GB to store   9422404844 kmers; need 3.192 GB to sort     26772340 kmers
Used 64.191 GB / 249999.938 GB to store   9447503138 kmers; need 3.199 GB to sort     26837915 kmers
Used 64.313 GB / 249999.938 GB to store   9472602479 kmers; need 3.207 GB to sort     26906366 kmers
Used 64.433 GB / 249999.938 GB to store   9497700680 kmers; need 3.216 GB to sort     26978316 kmers
Used 64.554 GB / 249999.938 GB to store   9522799277 kmers; need 3.224 GB to sort     27045807 kmers
Used 64.674 GB / 249999.938 GB to store   9547896767 kmers; need 3.232 GB to sort     27112104 kmers
Used 64.796 GB / 249999.938 GB to store   9572994379 kmers; need 3.240 GB to sort     27179199 kmers
Used 64.917 GB / 249999.938 GB to store   9598092797 kmers; need 3.248 GB to sort     27244126 kmers
Used 65.037 GB / 249999.938 GB to store   9623191029 kmers; need 3.256 GB to sort     27316267 kmers
Used 65.158 GB / 249999.938 GB to store   9648288827 kmers; need 3.265 GB to sort     27387653 kmers
Used 65.278 GB / 249999.938 GB to store   9673387214 kmers; need 3.272 GB to sort     27451039 kmers
Used 65.399 GB / 249999.938 GB to store   9698484780 kmers; need 3.280 GB to sort     27514801 kmers
Used 65.520 GB / 249999.938 GB to store   9723583688 kmers; need 3.288 GB to sort     27584927 kmers
Used 65.641 GB / 249999.938 GB to store   9748681844 kmers; need 3.297 GB to sort     27655782 kmers
Used 65.762 GB / 249999.938 GB to store   9773779828 kmers; need 3.305 GB to sort     27723504 kmers
Used 65.883 GB / 249999.938 GB to store   9798879114 kmers; need 3.313 GB to sort     27789979 kmers
Used 66.004 GB / 249999.938 GB to store   9823976935 kmers; need 3.321 GB to sort     27858390 kmers
Used 66.125 GB / 249999.938 GB to store   9849074570 kmers; need 3.329 GB to sort     27925320 kmers
Used 66.246 GB / 249999.938 GB to store   9874173877 kmers; need 3.337 GB to sort     27988862 kmers
Used 66.368 GB / 249999.938 GB to store   9899271583 kmers; need 3.345 GB to sort     28058338 kmers
Used 66.489 GB / 249999.938 GB to store   9924369122 kmers; need 3.353 GB to sort     28125919 kmers
Used 66.610 GB / 249999.938 GB to store   9949467244 kmers; need 3.361 GB to sort     28195817 kmers
Used 66.730 GB / 249999.938 GB to store   9974566530 kmers; need 3.369 GB to sort     28259247 kmers
Used 66.851 GB / 249999.938 GB to store   9999664204 kmers; need 3.376 GB to sort     28320466 kmers
Used 66.972 GB / 249999.938 GB to store  10024762753 kmers; need 3.384 GB to sort     28390114 kmers
Used 67.093 GB / 249999.938 GB to store  10049860210 kmers; need 3.393 GB to sort     28462168 kmers
Used 67.213 GB / 249999.938 GB to store  10074957924 kmers; need 3.401 GB to sort     28533590 kmers
Used 67.334 GB / 249999.938 GB to store  10100055443 kmers; need 3.409 GB to sort     28599019 kmers
Used 67.455 GB / 249999.938 GB to store  10125152621 kmers; need 3.418 GB to sort     28670079 kmers
Used 67.576 GB / 249999.938 GB to store  10150250915 kmers; need 3.426 GB to sort     28735289 kmers
Used 67.696 GB / 249999.938 GB to store  10175349030 kmers; need 3.434 GB to sort     28802598 kmers
Used 67.816 GB / 249999.938 GB to store  10200446776 kmers; need 3.442 GB to sort     28870185 kmers
Used 67.938 GB / 249999.938 GB to store  10225545160 kmers; need 3.450 GB to sort     28940964 kmers
Used 68.058 GB / 249999.938 GB to store  10250643764 kmers; need 3.458 GB to sort     29005425 kmers
Used 68.180 GB / 249999.938 GB to store  10275742771 kmers; need 3.467 GB to sort     29079170 kmers
Used 68.300 GB / 249999.938 GB to store  10300841003 kmers; need 3.474 GB to sort     29144261 kmers
Used 68.420 GB / 249999.938 GB to store  10325939917 kmers; need 3.482 GB to sort     29212873 kmers
Used 68.540 GB / 249999.938 GB to store  10351037662 kmers; need 3.491 GB to sort     29286332 kmers
Used 68.661 GB / 249999.938 GB to store  10376135449 kmers; need 3.499 GB to sort     29355726 kmers
Used 68.783 GB / 249999.938 GB to store  10401232720 kmers; need 3.507 GB to sort     29417679 kmers
Used 68.904 GB / 249999.938 GB to store  10426330101 kmers; need 3.515 GB to sort     29484747 kmers
Used 69.024 GB / 249999.938 GB to store  10451429238 kmers; need 3.523 GB to sort     29553538 kmers
Used 69.146 GB / 249999.938 GB to store  10476527594 kmers; need 3.531 GB to sort     29619743 kmers
Used 69.265 GB / 249999.938 GB to store  10501625702 kmers; need 3.539 GB to sort     29691391 kmers
Used 69.387 GB / 249999.938 GB to store  10526724306 kmers; need 3.548 GB to sort     29761975 kmers
Used 69.508 GB / 249999.938 GB to store  10551823190 kmers; need 3.556 GB to sort     29830505 kmers
Used 69.629 GB / 249999.938 GB to store  10576920802 kmers; need 3.563 GB to sort     29892194 kmers
Used 69.750 GB / 249999.938 GB to store  10602019014 kmers; need 3.571 GB to sort     29958164 kmers
Used 69.872 GB / 249999.938 GB to store  10627117742 kmers; need 3.580 GB to sort     30028809 kmers
Used 69.993 GB / 249999.938 GB to store  10652215667 kmers; need 3.588 GB to sort     30095238 kmers
Used 70.114 GB / 249999.938 GB to store  10677314240 kmers; need 3.596 GB to sort     30163961 kmers
Used 70.235 GB / 249999.938 GB to store  10702412198 kmers; need 3.604 GB to sort     30236295 kmers
Used 70.356 GB / 249999.938 GB to store  10727510842 kmers; need 3.612 GB to sort     30303348 kmers
Used 70.478 GB / 249999.938 GB to store  10752609291 kmers; need 3.621 GB to sort     30372592 kmers
Used 70.599 GB / 249999.938 GB to store  10777706121 kmers; need 3.629 GB to sort     30443785 kmers
Used 70.721 GB / 249999.938 GB to store  10802804167 kmers; need 3.637 GB to sort     30509596 kmers
Used 70.842 GB / 249999.938 GB to store  10827903164 kmers; need 3.645 GB to sort     30578891 kmers
Used 70.963 GB / 249999.938 GB to store  10853001419 kmers; need 3.653 GB to sort     30647416 kmers
Used 71.084 GB / 249999.938 GB to store  10878099722 kmers; need 3.663 GB to sort     30723783 kmers
Used 71.205 GB / 249999.938 GB to store  10903197396 kmers; need 3.671 GB to sort     30794756 kmers
Used 71.325 GB / 249999.938 GB to store  10928295411 kmers; need 3.679 GB to sort     30865591 kmers
Used 71.445 GB / 249999.938 GB to store  10953393279 kmers; need 3.687 GB to sort     30932848 kmers
Used 71.566 GB / 249999.938 GB to store  10978492472 kmers; need 3.696 GB to sort     31001056 kmers
Used 71.687 GB / 249999.938 GB to store  11003589586 kmers; need 3.703 GB to sort     31067028 kmers
Used 71.807 GB / 249999.938 GB to store  11028688097 kmers; need 3.712 GB to sort     31135026 kmers
Used 71.927 GB / 249999.938 GB to store  11053786174 kmers; need 3.719 GB to sort     31200244 kmers
Used 72.048 GB / 249999.938 GB to store  11078884218 kmers; need 3.728 GB to sort     31272201 kmers
Used 72.169 GB / 249999.938 GB to store  11103982173 kmers; need 3.735 GB to sort     31335253 kmers
Used 72.290 GB / 249999.938 GB to store  11129079661 kmers; need 3.744 GB to sort     31409478 kmers
Used 72.410 GB / 249999.938 GB to store  11154178017 kmers; need 3.753 GB to sort     31482433 kmers
Used 72.532 GB / 249999.938 GB to store  11179276218 kmers; need 3.761 GB to sort     31552996 kmers
Used 72.653 GB / 249999.938 GB to store  11204373661 kmers; need 3.770 GB to sort     31620988 kmers
Used 72.774 GB / 249999.938 GB to store  11229471769 kmers; need 3.777 GB to sort     31685933 kmers
Used 72.895 GB / 249999.938 GB to store  11254569856 kmers; need 3.785 GB to sort     31747239 kmers
Used 73.016 GB / 249999.938 GB to store  11279668813 kmers; need 3.792 GB to sort     31813516 kmers
Used 73.137 GB / 249999.938 GB to store  11304766893 kmers; need 3.801 GB to sort     31881529 kmers
Used 73.258 GB / 249999.938 GB to store  11329865249 kmers; need 3.809 GB to sort     31948184 kmers
Used 73.379 GB / 249999.938 GB to store  11354963605 kmers; need 3.817 GB to sort     32019834 kmers
Used 73.500 GB / 249999.938 GB to store  11380062537 kmers; need 3.825 GB to sort     32089046 kmers
Used 73.620 GB / 249999.938 GB to store  11405161730 kmers; need 3.834 GB to sort     32158647 kmers
Used 73.741 GB / 249999.938 GB to store  11430259592 kmers; need 3.841 GB to sort     32221278 kmers
Used 73.862 GB / 249999.938 GB to store  11455358382 kmers; need 3.849 GB to sort     32290032 kmers
Used 73.983 GB / 249999.938 GB to store  11480456569 kmers; need 3.858 GB to sort     32359695 kmers
Used 74.105 GB / 249999.938 GB to store  11505553660 kmers; need 3.866 GB to sort     32431522 kmers
Used 74.225 GB / 249999.938 GB to store  11530651861 kmers; need 3.874 GB to sort     32499993 kmers
Used 74.346 GB / 249999.938 GB to store  11555750451 kmers; need 3.882 GB to sort     32567436 kmers
Used 74.467 GB / 249999.938 GB to store  11580848311 kmers; need 3.891 GB to sort     32637720 kmers
Used 74.589 GB / 249999.938 GB to store  11605947070 kmers; need 3.898 GB to sort     32702066 kmers
Used 74.710 GB / 249999.938 GB to store  11631044686 kmers; need 3.907 GB to sort     32772471 kmers
Used 74.831 GB / 249999.938 GB to store  11656143540 kmers; need 3.915 GB to sort     32841176 kmers
Used 74.952 GB / 249999.938 GB to store  11681241833 kmers; need 3.923 GB to sort     32908997 kmers
Used 75.074 GB / 249999.938 GB to store  11706340685 kmers; need 3.931 GB to sort     32972502 kmers
Used 75.194 GB / 249999.938 GB to store  11731438375 kmers; need 3.938 GB to sort     33036921 kmers
Used 75.315 GB / 249999.938 GB to store  11756536142 kmers; need 3.946 GB to sort     33101152 kmers
Used 75.437 GB / 249999.938 GB to store  11781634831 kmers; need 3.954 GB to sort     33166744 kmers
Used 75.558 GB / 249999.938 GB to store  11806733497 kmers; need 3.962 GB to sort     33235111 kmers
Used 75.679 GB / 249999.938 GB to store  11831832016 kmers; need 3.970 GB to sort     33302010 kmers
Used 75.800 GB / 249999.938 GB to store  11856929194 kmers; need 3.978 GB to sort     33369636 kmers
Used 75.921 GB / 249999.938 GB to store  11882028325 kmers; need 3.986 GB to sort     33438598 kmers
Used 76.042 GB / 249999.938 GB to store  11907126836 kmers; need 3.994 GB to sort     33508123 kmers
Used 76.164 GB / 249999.938 GB to store  11932225471 kmers; need 4.002 GB to sort     33574066 kmers
Used 76.285 GB / 249999.938 GB to store  11957323723 kmers; need 4.010 GB to sort     33641264 kmers
Used 76.407 GB / 249999.938 GB to store  11982422420 kmers; need 4.019 GB to sort     33712106 kmers
Used 76.528 GB / 249999.938 GB to store  12007521458 kmers; need 4.026 GB to sort     33774505 kmers
Used 76.648 GB / 249999.938 GB to store  12032619608 kmers; need 4.034 GB to sort     33841534 kmers
Used 76.770 GB / 249999.938 GB to store  12057718009 kmers; need 4.043 GB to sort     33913710 kmers
Used 76.891 GB / 249999.938 GB to store  12082817016 kmers; need 4.051 GB to sort     33983197 kmers
Used 77.012 GB / 249999.938 GB to store  12107914391 kmers; need 4.059 GB to sort     34048932 kmers
Used 77.133 GB / 249999.938 GB to store  12133012766 kmers; need 4.067 GB to sort     34115879 kmers
Used 77.254 GB / 249999.938 GB to store  12158111463 kmers; need 4.075 GB to sort     34181743 kmers
Used 77.375 GB / 249999.938 GB to store  12183208368 kmers; need 4.083 GB to sort     34250525 kmers
Used 77.497 GB / 249999.938 GB to store  12208306193 kmers; need 4.091 GB to sort     34319751 kmers
Used 77.618 GB / 249999.938 GB to store  12233405014 kmers; need 4.099 GB to sort     34382740 kmers
Used 77.740 GB / 249999.938 GB to store  12258503556 kmers; need 4.107 GB to sort     34448910 kmers
Used 77.860 GB / 249999.938 GB to store  12283602811 kmers; need 4.115 GB to sort     34521425 kmers
Used 77.981 GB / 249999.938 GB to store  12308701539 kmers; need 4.123 GB to sort     34589303 kmers
Used 78.101 GB / 249999.938 GB to store  12333800343 kmers; need 4.132 GB to sort     34658192 kmers
Used 78.223 GB / 249999.938 GB to store  12358897795 kmers; need 4.141 GB to sort     34735648 kmers
Used 78.346 GB / 249999.938 GB to store  12383996213 kmers; need 4.149 GB to sort     34805691 kmers
Used 78.467 GB / 249999.938 GB to store  12409095034 kmers; need 4.157 GB to sort     34875611 kmers
Used 78.587 GB / 249999.938 GB to store  12434193111 kmers; need 4.166 GB to sort     34950774 kmers
Used 78.709 GB / 249999.938 GB to store  12459291591 kmers; need 4.174 GB to sort     35017912 kmers
Used 78.831 GB / 249999.938 GB to store  12484389534 kmers; need 4.183 GB to sort     35087186 kmers
Used 78.952 GB / 249999.938 GB to store  12509487921 kmers; need 4.190 GB to sort     35151124 kmers
Used 79.075 GB / 249999.938 GB to store  12534585762 kmers; need 4.199 GB to sort     35221656 kmers
Used 79.195 GB / 249999.938 GB to store  12559683188 kmers; need 4.206 GB to sort     35286490 kmers
Used 79.317 GB / 249999.938 GB to store  12584782350 kmers; need 4.215 GB to sort     35357936 kmers
Used 79.438 GB / 249999.938 GB to store  12609880954 kmers; need 4.223 GB to sort     35427140 kmers
Used 79.558 GB / 249999.938 GB to store  12634978944 kmers; need 4.232 GB to sort     35497220 kmers
Used 79.680 GB / 249999.938 GB to store  12660077827 kmers; need 4.240 GB to sort     35569619 kmers
Used 79.801 GB / 249999.938 GB to store  12685176276 kmers; need 4.249 GB to sort     35639731 kmers
Used 79.921 GB / 249999.938 GB to store  12710275717 kmers; need 4.256 GB to sort     35705559 kmers
Used 80.042 GB / 249999.938 GB to store  12735374525 kmers; need 4.264 GB to sort     35772242 kmers
Used 80.164 GB / 249999.938 GB to store  12760472695 kmers; need 4.272 GB to sort     35839228 kmers
Used 80.284 GB / 249999.938 GB to store  12785570307 kmers; need 4.280 GB to sort     35903052 kmers
Used 80.406 GB / 249999.938 GB to store  12810668632 kmers; need 4.289 GB to sort     35979816 kmers
Used 80.527 GB / 249999.938 GB to store  12835766790 kmers; need 4.297 GB to sort     36043860 kmers
Used 80.649 GB / 249999.938 GB to store  12860865078 kmers; need 4.305 GB to sort     36111496 kmers
Used 80.771 GB / 249999.938 GB to store  12885964222 kmers; need 4.312 GB to sort     36175266 kmers
Used 80.893 GB / 249999.938 GB to store  12911063415 kmers; need 4.321 GB to sort     36245460 kmers
Used 81.014 GB / 249999.938 GB to store  12936161755 kmers; need 4.329 GB to sort     36317303 kmers
Used 81.135 GB / 249999.938 GB to store  12961259708 kmers; need 4.338 GB to sort     36386337 kmers
Used 81.257 GB / 249999.938 GB to store  12986358529 kmers; need 4.345 GB to sort     36450937 kmers
Used 81.379 GB / 249999.938 GB to store  13011456792 kmers; need 4.353 GB to sort     36514224 kmers
Used 81.500 GB / 249999.938 GB to store  13036555239 kmers; need 4.361 GB to sort     36582643 kmers
Used 81.621 GB / 249999.938 GB to store  13061653812 kmers; need 4.369 GB to sort     36653583 kmers
Used 81.742 GB / 249999.938 GB to store  13086752562 kmers; need 4.377 GB to sort     36718158 kmers
Used 81.863 GB / 249999.938 GB to store  13111850670 kmers; need 4.385 GB to sort     36785770 kmers
Used 81.985 GB / 249999.938 GB to store  13136950545 kmers; need 4.393 GB to sort     36853118 kmers
Used 82.106 GB / 249999.938 GB to store  13162049025 kmers; need 4.402 GB to sort     36923070 kmers
Used 82.227 GB / 249999.938 GB to store  13187147474 kmers; need 4.410 GB to sort     36996655 kmers
Used 82.348 GB / 249999.938 GB to store  13212246295 kmers; need 4.418 GB to sort     37060567 kmers
Used 82.470 GB / 249999.938 GB to store  13237344899 kmers; need 4.426 GB to sort     37129599 kmers
Used 82.591 GB / 249999.938 GB to store  13262443689 kmers; need 4.435 GB to sort     37203752 kmers
Used 82.712 GB / 249999.938 GB to store  13287542014 kmers; need 4.444 GB to sort     37279970 kmers
Used 82.833 GB / 249999.938 GB to store  13312640339 kmers; need 4.452 GB to sort     37347666 kmers
Used 82.954 GB / 249999.938 GB to store  13337738408 kmers; need 4.460 GB to sort     37413025 kmers
Used 83.074 GB / 249999.938 GB to store  13362836516 kmers; need 4.468 GB to sort     37483763 kmers
Used 83.196 GB / 249999.938 GB to store  13387933837 kmers; need 4.477 GB to sort     37553229 kmers
Used 83.317 GB / 249999.938 GB to store  13413031790 kmers; need 4.485 GB to sort     37621451 kmers
Used 83.438 GB / 249999.938 GB to store  13438130146 kmers; need 4.493 GB to sort     37688924 kmers
Used 83.560 GB / 249999.938 GB to store  13463228654 kmers; need 4.501 GB to sort     37760047 kmers
Used 83.682 GB / 249999.938 GB to store  13488326793 kmers; need 4.510 GB to sort     37828956 kmers
Used 83.803 GB / 249999.938 GB to store  13513424281 kmers; need 4.518 GB to sort     37896700 kmers
Used 83.925 GB / 249999.938 GB to store  13538521462 kmers; need 4.527 GB to sort     37972874 kmers
Used 84.046 GB / 249999.938 GB to store  13563619353 kmers; need 4.535 GB to sort     38038147 kmers
Used 84.167 GB / 249999.938 GB to store  13588719135 kmers; need 4.543 GB to sort     38105437 kmers
Used 84.288 GB / 249999.938 GB to store  13613816964 kmers; need 4.551 GB to sort     38174718 kmers
Used 84.409 GB / 249999.938 GB to store  13638915102 kmers; need 4.559 GB to sort     38242421 kmers
Used 84.531 GB / 249999.938 GB to store  13664014760 kmers; need 4.568 GB to sort     38315195 kmers
Used 84.652 GB / 249999.938 GB to store  13689113448 kmers; need 4.576 GB to sort     38384499 kmers
Used 84.773 GB / 249999.938 GB to store  13714212424 kmers; need 4.584 GB to sort     38456488 kmers
Used 84.894 GB / 249999.938 GB to store  13739311059 kmers; need 4.592 GB to sort     38523918 kmers
Used 85.017 GB / 249999.938 GB to store  13764409177 kmers; need 4.602 GB to sort     38603215 kmers
Used 85.138 GB / 249999.938 GB to store  13789506687 kmers; need 4.610 GB to sort     38674500 kmers
Used 85.260 GB / 249999.938 GB to store  13814605415 kmers; need 4.619 GB to sort     38744732 kmers
Used 85.381 GB / 249999.938 GB to store  13839703488 kmers; need 4.627 GB to sort     38810497 kmers
Used 85.503 GB / 249999.938 GB to store  13864802003 kmers; need 4.635 GB to sort     38883770 kmers
Used 85.626 GB / 249999.938 GB to store  13889900514 kmers; need 4.644 GB to sort     38956633 kmers
Used 85.748 GB / 249999.938 GB to store  13914998002 kmers; need 4.652 GB to sort     39027444 kmers
Used 85.868 GB / 249999.938 GB to store  13940096885 kmers; need 4.661 GB to sort     39097016 kmers
Used 85.990 GB / 249999.938 GB to store  13965196016 kmers; need 4.669 GB to sort     39167287 kmers
Used 86.111 GB / 249999.938 GB to store  13990294527 kmers; need 4.677 GB to sort     39236339 kmers
Used 86.233 GB / 249999.938 GB to store  14015393925 kmers; need 4.685 GB to sort     39301346 kmers
Used 86.354 GB / 249999.938 GB to store  14040493629 kmers; need 4.693 GB to sort     39371812 kmers
Used 86.474 GB / 249999.938 GB to store  14065592047 kmers; need 4.702 GB to sort     39442325 kmers
Used 86.596 GB / 249999.938 GB to store  14090691178 kmers; need 4.711 GB to sort     39517859 kmers
Used 86.718 GB / 249999.938 GB to store  14115789720 kmers; need 4.719 GB to sort     39589923 kmers
Used 86.839 GB / 249999.938 GB to store  14140888603 kmers; need 4.728 GB to sort     39661339 kmers
Used 86.961 GB / 249999.938 GB to store  14165987424 kmers; need 4.736 GB to sort     39730544 kmers
Used 87.082 GB / 249999.938 GB to store  14191086493 kmers; need 4.745 GB to sort     39804263 kmers
Used 87.203 GB / 249999.938 GB to store  14216184107 kmers; need 4.754 GB to sort     39878355 kmers
Used 87.324 GB / 249999.938 GB to store  14241283049 kmers; need 4.763 GB to sort     39952603 kmers
Used 87.446 GB / 249999.938 GB to store  14266381932 kmers; need 4.770 GB to sort     40016302 kmers
Used 87.568 GB / 249999.938 GB to store  14291480257 kmers; need 4.778 GB to sort     40084388 kmers
Used 87.690 GB / 249999.938 GB to store  14316578289 kmers; need 4.786 GB to sort     40149368 kmers
Used 87.810 GB / 249999.938 GB to store  14341677110 kmers; need 4.795 GB to sort     40224512 kmers
Used 87.932 GB / 249999.938 GB to store  14366775807 kmers; need 4.802 GB to sort     40285570 kmers
Used 88.052 GB / 249999.938 GB to store  14391874928 kmers; need 4.810 GB to sort     40352727 kmers
Used 88.174 GB / 249999.938 GB to store  14416972516 kmers; need 4.819 GB to sort     40426343 kmers
Used 88.296 GB / 249999.938 GB to store  14442072112 kmers; need 4.828 GB to sort     40503285 kmers
Used 88.417 GB / 249999.938 GB to store  14467170146 kmers; need 4.836 GB to sort     40570950 kmers
Used 88.539 GB / 249999.938 GB to store  14492268269 kmers; need 4.845 GB to sort     40640642 kmers
Used 88.660 GB / 249999.938 GB to store  14517367183 kmers; need 4.853 GB to sort     40707602 kmers
Used 88.782 GB / 249999.938 GB to store  14542465353 kmers; need 4.861 GB to sort     40776499 kmers
Used 88.904 GB / 249999.938 GB to store  14567563647 kmers; need 4.869 GB to sort     40845271 kmers
Used 89.026 GB / 249999.938 GB to store  14592662003 kmers; need 4.878 GB to sort     40918645 kmers
Used 89.148 GB / 249999.938 GB to store  14617759904 kmers; need 4.886 GB to sort     40986058 kmers
Used 89.269 GB / 249999.938 GB to store  14642858849 kmers; need 4.894 GB to sort     41054783 kmers
Used 89.391 GB / 249999.938 GB to store  14667958717 kmers; need 4.902 GB to sort     41121178 kmers
Used 89.512 GB / 249999.938 GB to store  14693058592 kmers; need 4.911 GB to sort     41192925 kmers
Used 89.633 GB / 249999.938 GB to store  14718158095 kmers; need 4.919 GB to sort     41263866 kmers
Used 89.755 GB / 249999.938 GB to store  14743258091 kmers; need 4.927 GB to sort     41330314 kmers
Used 89.876 GB / 249999.938 GB to store  14768357067 kmers; need 4.936 GB to sort     41405556 kmers
Used 89.996 GB / 249999.938 GB to store  14793456725 kmers; need 4.945 GB to sort     41478038 kmers
Used 90.118 GB / 249999.938 GB to store  14818555856 kmers; need 4.953 GB to sort     41545516 kmers
Used 90.239 GB / 249999.938 GB to store  14843654522 kmers; need 4.961 GB to sort     41613396 kmers
Used 90.362 GB / 249999.938 GB to store  14868751750 kmers; need 4.969 GB to sort     41684575 kmers
Used 90.483 GB / 249999.938 GB to store  14893850385 kmers; need 4.977 GB to sort     41753508 kmers
Used 90.605 GB / 249999.938 GB to store  14918949640 kmers; need 4.985 GB to sort     41817523 kmers
Used 90.726 GB / 249999.938 GB to store  14944048027 kmers; need 4.994 GB to sort     41889037 kmers
Used 90.847 GB / 249999.938 GB to store  14969146100 kmers; need 5.002 GB to sort     41956703 kmers
Used 90.969 GB / 249999.938 GB to store  14994243857 kmers; need 5.010 GB to sort     42030580 kmers
Used 91.090 GB / 249999.938 GB to store  15019342399 kmers; need 5.018 GB to sort     42097584 kmers
Used 91.212 GB / 249999.938 GB to store  15044440011 kmers; need 5.027 GB to sort     42170110 kmers
Used 91.333 GB / 249999.938 GB to store  15069537429 kmers; need 5.035 GB to sort     42237499 kmers
Used 91.455 GB / 249999.938 GB to store  15094636374 kmers; need 5.043 GB to sort     42306765 kmers
Used 91.577 GB / 249999.938 GB to store  15119735257 kmers; need 5.052 GB to sort     42379919 kmers
Used 91.698 GB / 249999.938 GB to store  15144833520 kmers; need 5.060 GB to sort     42448078 kmers
Used 91.819 GB / 249999.938 GB to store  15169933029 kmers; need 5.069 GB to sort     42521346 kmers
Used 91.941 GB / 249999.938 GB to store  15195030811 kmers; need 5.077 GB to sort     42587432 kmers
Used 92.062 GB / 249999.938 GB to store  15220128797 kmers; need 5.085 GB to sort     42657922 kmers
Used 92.184 GB / 249999.938 GB to store  15245226944 kmers; need 5.094 GB to sort     42730339 kmers
Used 92.306 GB / 249999.938 GB to store  15270325299 kmers; need 5.102 GB to sort     42802510 kmers
Used 92.428 GB / 249999.938 GB to store  15295423686 kmers; need 5.111 GB to sort     42874137 kmers
Used 92.549 GB / 249999.938 GB to store  15320522352 kmers; need 5.119 GB to sort     42942410 kmers
Used 92.670 GB / 249999.938 GB to store  15345622103 kmers; need 5.127 GB to sort     43010961 kmers
Used 92.792 GB / 249999.938 GB to store  15370721544 kmers; need 5.136 GB to sort     43083855 kmers
Used 92.913 GB / 249999.938 GB to store  15395820489 kmers; need 5.144 GB to sort     43153810 kmers
Used 93.034 GB / 249999.938 GB to store  15420919407 kmers; need 5.153 GB to sort     43227905 kmers
Used 93.156 GB / 249999.938 GB to store  15446018414 kmers; need 5.162 GB to sort     43300704 kmers
Used 93.277 GB / 249999.938 GB to store  15471117572 kmers; need 5.170 GB to sort     43371598 kmers
Used 93.399 GB / 249999.938 GB to store  15496216238 kmers; need 5.178 GB to sort     43438038 kmers
Used 93.520 GB / 249999.938 GB to store  15521314935 kmers; need 5.187 GB to sort     43508268 kmers
Used 93.641 GB / 249999.938 GB to store  15546413787 kmers; need 5.195 GB to sort     43582605 kmers
Used 93.763 GB / 249999.938 GB to store  15571511771 kmers; need 5.204 GB to sort     43651573 kmers
Used 93.885 GB / 249999.938 GB to store  15596609662 kmers; need 5.212 GB to sort     43720741 kmers
Used 94.007 GB / 249999.938 GB to store  15621707460 kmers; need 5.220 GB to sort     43792212 kmers
Used 94.129 GB / 249999.938 GB to store  15646806560 kmers; need 5.228 GB to sort     43859736 kmers
Used 94.250 GB / 249999.938 GB to store  15671905009 kmers; need 5.236 GB to sort     43926592 kmers
Used 94.371 GB / 249999.938 GB to store  15697003179 kmers; need 5.245 GB to sort     43996316 kmers
Used 94.492 GB / 249999.938 GB to store  15722102248 kmers; need 5.254 GB to sort     44070910 kmers
Used 94.614 GB / 249999.938 GB to store  15747201193 kmers; need 5.262 GB to sort     44137876 kmers
Used 94.735 GB / 249999.938 GB to store  15772300603 kmers; need 5.270 GB to sort     44207287 kmers
Used 94.856 GB / 249999.938 GB to store  15797399517 kmers; need 5.279 GB to sort     44283249 kmers
Used 94.978 GB / 249999.938 GB to store  15822498958 kmers; need 5.287 GB to sort     44350512 kmers
Used 95.100 GB / 249999.938 GB to store  15847597181 kmers; need 5.295 GB to sort     44421805 kmers
Used 95.222 GB / 249999.938 GB to store  15872695943 kmers; need 5.304 GB to sort     44490081 kmers
Used 95.344 GB / 249999.938 GB to store  15897794049 kmers; need 5.312 GB to sort     44558595 kmers
Used 95.465 GB / 249999.938 GB to store  15922892901 kmers; need 5.321 GB to sort     44633557 kmers
Used 95.586 GB / 249999.938 GB to store  15947991846 kmers; need 5.330 GB to sort     44707893 kmers
Used 95.708 GB / 249999.938 GB to store  15973090419 kmers; need 5.338 GB to sort     44777817 kmers
Used 95.828 GB / 249999.938 GB to store  15998189212 kmers; need 5.346 GB to sort     44847534 kmers
Used 95.950 GB / 249999.938 GB to store  16023287103 kmers; need 5.354 GB to sort     44916225 kmers
Used 96.070 GB / 249999.938 GB to store  16048385928 kmers; need 5.362 GB to sort     44982387 kmers
Used 96.192 GB / 249999.938 GB to store  16073483850 kmers; need 5.371 GB to sort     45051821 kmers
Used 96.314 GB / 249999.938 GB to store  16098582004 kmers; need 5.379 GB to sort     45118929 kmers
Used 96.435 GB / 249999.938 GB to store  16123680484 kmers; need 5.387 GB to sort     45189468 kmers
Used 96.557 GB / 249999.938 GB to store  16148778846 kmers; need 5.395 GB to sort     45259996 kmers
Used 96.679 GB / 249999.938 GB to store  16173878380 kmers; need 5.404 GB to sort     45331998 kmers
Used 96.800 GB / 249999.938 GB to store  16198977170 kmers; need 5.412 GB to sort     45396079 kmers
Used 96.921 GB / 249999.938 GB to store  16224076301 kmers; need 5.420 GB to sort     45466586 kmers
Used 97.041 GB / 249999.938 GB to store  16249173850 kmers; need 5.428 GB to sort     45536253 kmers
Used 97.162 GB / 249999.938 GB to store  16274272449 kmers; need 5.437 GB to sort     45612045 kmers
Used 97.284 GB / 249999.938 GB to store  16299370790 kmers; need 5.446 GB to sort     45683281 kmers
Used 97.405 GB / 249999.938 GB to store  16324469217 kmers; need 5.455 GB to sort     45756468 kmers
Used 97.527 GB / 249999.938 GB to store  16349567387 kmers; need 5.463 GB to sort     45824758 kmers
Used 97.649 GB / 249999.938 GB to store  16374665112 kmers; need 5.471 GB to sort     45891611 kmers
Used 97.770 GB / 249999.938 GB to store  16399763716 kmers; need 5.479 GB to sort     45960157 kmers
Used 97.891 GB / 249999.938 GB to store  16424861909 kmers; need 5.487 GB to sort     46029285 kmers
Used 98.013 GB / 249999.938 GB to store  16449960482 kmers; need 5.495 GB to sort     46099246 kmers
Used 98.134 GB / 249999.938 GB to store  16475059303 kmers; need 5.504 GB to sort     46168271 kmers
Used 98.256 GB / 249999.938 GB to store  16500158961 kmers; need 5.513 GB to sort     46243367 kmers
Used 98.377 GB / 249999.938 GB to store  16525258216 kmers; need 5.521 GB to sort     46315339 kmers
Used 98.498 GB / 249999.938 GB to store  16550357254 kmers; need 5.530 GB to sort     46386078 kmers
Used 98.621 GB / 249999.938 GB to store  16575456013 kmers; need 5.538 GB to sort     46459743 kmers
Used 98.742 GB / 249999.938 GB to store  16600554369 kmers; need 5.547 GB to sort     46528739 kmers
Used 98.864 GB / 249999.938 GB to store  16625653252 kmers; need 5.555 GB to sort     46600034 kmers
Used 98.984 GB / 249999.938 GB to store  16650752321 kmers; need 5.564 GB to sort     46673846 kmers
Used 99.106 GB / 249999.938 GB to store  16675850584 kmers; need 5.572 GB to sort     46745140 kmers
Used 99.226 GB / 249999.938 GB to store  16700950025 kmers; need 5.580 GB to sort     46809307 kmers
Used 99.348 GB / 249999.938 GB to store  16726047534 kmers; need 5.589 GB to sort     46886818 kmers
Used 99.469 GB / 249999.938 GB to store  16751145890 kmers; need 5.599 GB to sort     46963792 kmers
Used 99.589 GB / 249999.938 GB to store  16776244186 kmers; need 5.607 GB to sort     47030983 kmers
Used 99.711 GB / 249999.938 GB to store  16801343014 kmers; need 5.615 GB to sort     47103881 kmers
Used 99.833 GB / 249999.938 GB to store  16826441215 kmers; need 5.623 GB to sort     47172013 kmers
Used 99.955 GB / 249999.938 GB to store  16851539664 kmers; need 5.632 GB to sort     47245569 kmers
Used 100.076 GB / 249999.938 GB to store  16876638079 kmers; need 5.640 GB to sort     47315842 kmers
Used 100.197 GB / 249999.938 GB to store  16901736198 kmers; need 5.649 GB to sort     47384111 kmers
Used 100.319 GB / 249999.938 GB to store  16926833790 kmers; need 5.657 GB to sort     47454844 kmers
Used 100.440 GB / 249999.938 GB to store  16951933634 kmers; need 5.666 GB to sort     47528760 kmers
Used 100.563 GB / 249999.938 GB to store  16977032207 kmers; need 5.674 GB to sort     47598212 kmers
Used 100.685 GB / 249999.938 GB to store  17002129887 kmers; need 5.683 GB to sort     47669741 kmers
Used 100.806 GB / 249999.938 GB to store  17027229018 kmers; need 5.692 GB to sort     47746520 kmers
Used 100.928 GB / 249999.938 GB to store  17052326940 kmers; need 5.701 GB to sort     47822127 kmers
Used 101.049 GB / 249999.938 GB to store  17077424676 kmers; need 5.710 GB to sort     47894898 kmers
Used 101.171 GB / 249999.938 GB to store  17102523125 kmers; need 5.718 GB to sort     47965092 kmers
Used 101.292 GB / 249999.938 GB to store  17127621419 kmers; need 5.727 GB to sort     48039431 kmers
Used 101.413 GB / 249999.938 GB to store  17152719620 kmers; need 5.736 GB to sort     48112901 kmers
Used 101.534 GB / 249999.938 GB to store  17177818224 kmers; need 5.743 GB to sort     48177507 kmers
Used 101.655 GB / 249999.938 GB to store  17202916208 kmers; need 5.751 GB to sort     48243741 kmers
Used 101.777 GB / 249999.938 GB to store  17228014440 kmers; need 5.759 GB to sort     48313693 kmers
Used 101.898 GB / 249999.938 GB to store  17253113664 kmers; need 5.768 GB to sort     48384850 kmers
Used 102.020 GB / 249999.938 GB to store  17278212154 kmers; need 5.777 GB to sort     48457334 kmers
Used 102.142 GB / 249999.938 GB to store  17303310160 kmers; need 5.785 GB to sort     48529367 kmers
Used 102.263 GB / 249999.938 GB to store  17328408764 kmers; need 5.793 GB to sort     48597999 kmers
Used 102.384 GB / 249999.938 GB to store  17353507492 kmers; need 5.801 GB to sort     48665857 kmers
Used 102.505 GB / 249999.938 GB to store  17378606902 kmers; need 5.810 GB to sort     48741900 kmers
Used 102.627 GB / 249999.938 GB to store  17403705227 kmers; need 5.820 GB to sort     48817628 kmers
Used 102.749 GB / 249999.938 GB to store  17428803345 kmers; need 5.828 GB to sort     48887613 kmers
Used 102.871 GB / 249999.938 GB to store  17453902839 kmers; need 5.837 GB to sort     48964767 kmers
Used 102.993 GB / 249999.938 GB to store  17479001009 kmers; need 5.845 GB to sort     49035346 kmers
Used 103.115 GB / 249999.938 GB to store  17504099985 kmers; need 5.853 GB to sort     49100965 kmers
Used 103.237 GB / 249999.938 GB to store  17529198725 kmers; need 5.862 GB to sort     49175726 kmers
Used 103.358 GB / 249999.938 GB to store  17554297641 kmers; need 5.871 GB to sort     49247166 kmers
Used 103.479 GB / 249999.938 GB to store  17579395582 kmers; need 5.880 GB to sort     49324229 kmers
Used 103.601 GB / 249999.938 GB to store  17604494496 kmers; need 5.888 GB to sort     49393210 kmers
Used 103.722 GB / 249999.938 GB to store  17629593824 kmers; need 5.897 GB to sort     49466212 kmers
Used 103.844 GB / 249999.938 GB to store  17654692614 kmers; need 5.906 GB to sort     49545746 kmers
Used 103.966 GB / 249999.938 GB to store  17679792259 kmers; need 5.915 GB to sort     49620063 kmers
Used 104.087 GB / 249999.938 GB to store  17704890770 kmers; need 5.924 GB to sort     49693988 kmers
Used 104.209 GB / 249999.938 GB to store  17729989436 kmers; need 5.933 GB to sort     49768420 kmers
Used 104.330 GB / 249999.938 GB to store  17755088168 kmers; need 5.942 GB to sort     49841485 kmers
Used 104.452 GB / 249999.938 GB to store  17780186803 kmers; need 5.951 GB to sort     49917494 kmers
Used 104.573 GB / 249999.938 GB to store  17805286221 kmers; need 5.959 GB to sort     49987931 kmers
Used 104.695 GB / 249999.938 GB to store  17830385011 kmers; need 5.968 GB to sort     50061343 kmers
Used 104.817 GB / 249999.938 GB to store  17855484118 kmers; need 5.977 GB to sort     50136754 kmers
Used 104.939 GB / 249999.938 GB to store  17880583497 kmers; need 5.985 GB to sort     50206679 kmers
Used 105.060 GB / 249999.938 GB to store  17905682068 kmers; need 5.994 GB to sort     50279244 kmers
Used 105.181 GB / 249999.938 GB to store  17930780503 kmers; need 6.003 GB to sort     50352909 kmers
Used 105.303 GB / 249999.938 GB to store  17955878859 kmers; need 6.011 GB to sort     50425279 kmers
Used 105.424 GB / 249999.938 GB to store  17980978238 kmers; need 6.020 GB to sort     50503118 kmers
Used 105.546 GB / 249999.938 GB to store  18006076997 kmers; need 6.029 GB to sort     50576994 kmers
Used 105.668 GB / 249999.938 GB to store  18031176965 kmers; need 6.038 GB to sort     50652862 kmers
Used 105.789 GB / 249999.938 GB to store  18056276163 kmers; need 6.046 GB to sort     50721315 kmers
Used 105.910 GB / 249999.938 GB to store  18081374640 kmers; need 6.055 GB to sort     50795624 kmers
Used 106.030 GB / 249999.938 GB to store  18106473256 kmers; need 6.064 GB to sort     50868856 kmers
Used 106.152 GB / 249999.938 GB to store  18131572077 kmers; need 6.072 GB to sort     50936036 kmers
Used 106.274 GB / 249999.938 GB to store  18156669549 kmers; need 6.080 GB to sort     51002870 kmers
Used 106.396 GB / 249999.938 GB to store  18181768568 kmers; need 6.088 GB to sort     51073553 kmers
Used 106.517 GB / 249999.938 GB to store  18206866645 kmers; need 6.097 GB to sort     51146155 kmers
Used 106.638 GB / 249999.938 GB to store  18231965032 kmers; need 6.107 GB to sort     51229087 kmers
Used 106.760 GB / 249999.938 GB to store  18257064349 kmers; need 6.116 GB to sort     51300744 kmers
Used 106.882 GB / 249999.938 GB to store  18282162891 kmers; need 6.123 GB to sort     51365512 kmers
Used 107.004 GB / 249999.938 GB to store  18307262084 kmers; need 6.132 GB to sort     51439060 kmers
Used 107.125 GB / 249999.938 GB to store  18332361308 kmers; need 6.141 GB to sort     51515057 kmers
Used 107.247 GB / 249999.938 GB to store  18357460873 kmers; need 6.150 GB to sort     51590349 kmers
Used 107.368 GB / 249999.938 GB to store  18382559174 kmers; need 6.159 GB to sort     51663484 kmers
Used 107.490 GB / 249999.938 GB to store  18407657592 kmers; need 6.167 GB to sort     51729603 kmers
Used 107.613 GB / 249999.938 GB to store  18432756091 kmers; need 6.176 GB to sort     51805397 kmers
Used 107.734 GB / 249999.938 GB to store  18457854915 kmers; need 6.185 GB to sort     51879712 kmers
Used 107.856 GB / 249999.938 GB to store  18482953829 kmers; need 6.194 GB to sort     51954984 kmers
Used 107.978 GB / 249999.938 GB to store  18508052774 kmers; need 6.202 GB to sort     52027901 kmers
Used 108.100 GB / 249999.938 GB to store  18533151998 kmers; need 6.211 GB to sort     52105740 kmers
Used 108.221 GB / 249999.938 GB to store  18558250412 kmers; need 6.220 GB to sort     52176093 kmers
Used 108.343 GB / 249999.938 GB to store  18583350132 kmers; need 6.229 GB to sort     52250157 kmers
Used 108.465 GB / 249999.938 GB to store  18608448735 kmers; need 6.238 GB to sort     52325341 kmers
Used 108.587 GB / 249999.938 GB to store  18633547401 kmers; need 6.247 GB to sort     52400686 kmers
Used 108.708 GB / 249999.938 GB to store  18658646842 kmers; need 6.255 GB to sort     52471992 kmers
Used 108.830 GB / 249999.938 GB to store  18683746717 kmers; need 6.264 GB to sort     52548906 kmers
Used 108.951 GB / 249999.938 GB to store  18708846406 kmers; need 6.273 GB to sort     52619700 kmers
Used 109.072 GB / 249999.938 GB to store  18733945715 kmers; need 6.281 GB to sort     52684878 kmers
Used 109.194 GB / 249999.938 GB to store  18759045051 kmers; need 6.289 GB to sort     52754581 kmers
Used 109.315 GB / 249999.938 GB to store  18784143636 kmers; need 6.298 GB to sort     52829059 kmers
Used 109.438 GB / 249999.938 GB to store  18809241992 kmers; need 6.307 GB to sort     52906627 kmers
Used 109.559 GB / 249999.938 GB to store  18834341133 kmers; need 6.316 GB to sort     52979248 kmers
Used 109.681 GB / 249999.938 GB to store  18859441032 kmers; need 6.325 GB to sort     53061132 kmers
Used 109.802 GB / 249999.938 GB to store  18884540349 kmers; need 6.334 GB to sort     53131113 kmers
Used 109.923 GB / 249999.938 GB to store  18909638488 kmers; need 6.343 GB to sort     53209428 kmers
Used 110.047 GB / 249999.938 GB to store  18934737681 kmers; need 6.351 GB to sort     53277566 kmers
Used 110.167 GB / 249999.938 GB to store  18959836934 kmers; need 6.360 GB to sort     53355327 kmers
Used 110.289 GB / 249999.938 GB to store  18984934939 kmers; need 6.369 GB to sort     53428298 kmers
Used 110.411 GB / 249999.938 GB to store  19010033667 kmers; need 6.377 GB to sort     53493730 kmers
Used 110.532 GB / 249999.938 GB to store  19035132383 kmers; need 6.386 GB to sort     53568503 kmers
Used 110.654 GB / 249999.938 GB to store  19060230708 kmers; need 6.394 GB to sort     53640721 kmers
Used 110.776 GB / 249999.938 GB to store  19085328781 kmers; need 6.403 GB to sort     53715427 kmers
Used 110.897 GB / 249999.938 GB to store  19110427819 kmers; need 6.412 GB to sort     53785267 kmers
Used 111.019 GB / 249999.938 GB to store  19135526764 kmers; need 6.421 GB to sort     53859936 kmers
Used 111.141 GB / 249999.938 GB to store  19160624872 kmers; need 6.429 GB to sort     53932040 kmers
Used 111.262 GB / 249999.938 GB to store  19185723786 kmers; need 6.437 GB to sort     54001415 kmers
Used 111.383 GB / 249999.938 GB to store  19210822018 kmers; need 6.447 GB to sort     54081011 kmers
Used 111.504 GB / 249999.938 GB to store  19235920467 kmers; need 6.456 GB to sort     54153710 kmers
Used 111.626 GB / 249999.938 GB to store  19261019257 kmers; need 6.464 GB to sort     54227055 kmers
Used 111.748 GB / 249999.938 GB to store  19286117564 kmers; need 6.473 GB to sort     54302361 kmers
Used 111.870 GB / 249999.938 GB to store  19311215331 kmers; need 6.482 GB to sort     54375087 kmers
Used 111.991 GB / 249999.938 GB to store  19336314687 kmers; need 6.491 GB to sort     54451695 kmers
Used 112.112 GB / 249999.938 GB to store  19361412175 kmers; need 6.500 GB to sort     54523776 kmers
Used 112.233 GB / 249999.938 GB to store  19386511740 kmers; need 6.508 GB to sort     54596928 kmers
Used 112.355 GB / 249999.938 GB to store  19411611708 kmers; need 6.518 GB to sort     54675796 kmers
Used 112.476 GB / 249999.938 GB to store  19436709351 kmers; need 6.526 GB to sort     54742961 kmers
Used 112.599 GB / 249999.938 GB to store  19461808544 kmers; need 6.535 GB to sort     54820110 kmers
Used 112.720 GB / 249999.938 GB to store  19486906816 kmers; need 6.545 GB to sort     54901946 kmers
Used 112.842 GB / 249999.938 GB to store  19512005203 kmers; need 6.554 GB to sort     54975466 kmers
Used 112.964 GB / 249999.938 GB to store  19537104582 kmers; need 6.562 GB to sort     55042553 kmers
Used 113.086 GB / 249999.938 GB to store  19562203589 kmers; need 6.570 GB to sort     55114791 kmers
Used 113.207 GB / 249999.938 GB to store  19587301666 kmers; need 6.580 GB to sort     55193930 kmers
Used 113.330 GB / 249999.938 GB to store  19612400983 kmers; need 6.589 GB to sort     55273308 kmers
Used 113.451 GB / 249999.938 GB to store  19637500269 kmers; need 6.598 GB to sort     55345038 kmers
Used 113.574 GB / 249999.938 GB to store  19662599059 kmers; need 6.607 GB to sort     55422455 kmers
Used 113.696 GB / 249999.938 GB to store  19687697721 kmers; need 6.617 GB to sort     55503772 kmers
Used 113.817 GB / 249999.938 GB to store  19712795953 kmers; need 6.625 GB to sort     55577296 kmers
Used 113.939 GB / 249999.938 GB to store  19737894720 kmers; need 6.634 GB to sort     55650354 kmers
Used 114.060 GB / 249999.938 GB to store  19762992312 kmers; need 6.643 GB to sort     55728129 kmers
Used 114.182 GB / 249999.938 GB to store  19788091047 kmers; need 6.652 GB to sort     55797015 kmers
Used 114.304 GB / 249999.938 GB to store  19813190302 kmers; need 6.660 GB to sort     55868870 kmers
Used 114.426 GB / 249999.938 GB to store  19838288968 kmers; need 6.668 GB to sort     55937223 kmers
Used 114.547 GB / 249999.938 GB to store  19863386740 kmers; need 6.677 GB to sort     56012663 kmers
Used 114.669 GB / 249999.938 GB to store  19888484881 kmers; need 6.686 GB to sort     56089322 kmers
Used 114.791 GB / 249999.938 GB to store  19913582530 kmers; need 6.696 GB to sort     56167139 kmers
Used 114.912 GB / 249999.938 GB to store  19938681723 kmers; need 6.705 GB to sort     56248465 kmers
Used 115.033 GB / 249999.938 GB to store  19963781040 kmers; need 6.714 GB to sort     56324511 kmers
Used 115.155 GB / 249999.938 GB to store  19988880202 kmers; need 6.724 GB to sort     56406137 kmers
Used 115.276 GB / 249999.938 GB to store  20013978434 kmers; need 6.733 GB to sort     56476808 kmers
Used 115.398 GB / 249999.938 GB to store  20039076542 kmers; need 6.742 GB to sort     56552197 kmers
Used 115.519 GB / 249999.938 GB to store  20064173553 kmers; need 6.751 GB to sort     56629528 kmers
Used 115.640 GB / 249999.938 GB to store  20089273631 kmers; need 6.760 GB to sort     56709810 kmers
Used 115.761 GB / 249999.938 GB to store  20114371491 kmers; need 6.769 GB to sort     56783062 kmers
Used 115.883 GB / 249999.938 GB to store  20139470412 kmers; need 6.779 GB to sort     56864753 kmers
Used 116.004 GB / 249999.938 GB to store  20164568241 kmers; need 6.787 GB to sort     56934652 kmers
Used 116.125 GB / 249999.938 GB to store  20189666783 kmers; need 6.795 GB to sort     57003728 kmers
Used 116.248 GB / 249999.938 GB to store  20214764419 kmers; need 6.804 GB to sort     57077866 kmers
Used 116.369 GB / 249999.938 GB to store  20239861349 kmers; need 6.814 GB to sort     57157582 kmers
Used 116.490 GB / 249999.938 GB to store  20264958563 kmers; need 6.823 GB to sort     57233773 kmers
Used 116.612 GB / 249999.938 GB to store  20290056485 kmers; need 6.832 GB to sort     57307449 kmers
Used 116.734 GB / 249999.938 GB to store  20315154934 kmers; need 6.841 GB to sort     57386027 kmers
Used 116.855 GB / 249999.938 GB to store  20340252825 kmers; need 6.850 GB to sort     57460682 kmers
Used 116.976 GB / 249999.938 GB to store  20365351005 kmers; need 6.859 GB to sort     57538055 kmers
Used 117.098 GB / 249999.938 GB to store  20390449981 kmers; need 6.868 GB to sort     57614294 kmers
Used 117.220 GB / 249999.938 GB to store  20415546030 kmers; need 6.877 GB to sort     57687472 kmers
Used 117.343 GB / 249999.938 GB to store  20440643611 kmers; need 6.886 GB to sort     57765526 kmers
Used 117.464 GB / 249999.938 GB to store  20465740634 kmers; need 6.895 GB to sort     57837634 kmers
Used 117.585 GB / 249999.938 GB to store  20490838122 kmers; need 6.904 GB to sort     57913952 kmers
Used 117.707 GB / 249999.938 GB to store  20515935734 kmers; need 6.913 GB to sort     57987525 kmers
Used 117.828 GB / 249999.938 GB to store  20541034400 kmers; need 6.923 GB to sort     58070554 kmers
Used 117.950 GB / 249999.938 GB to store  20566132260 kmers; need 6.932 GB to sort     58147485 kmers
Used 118.072 GB / 249999.938 GB to store  20591229869 kmers; need 6.941 GB to sort     58224982 kmers
Used 118.195 GB / 249999.938 GB to store  20616326086 kmers; need 6.950 GB to sort     58299153 kmers
Used 118.315 GB / 249999.938 GB to store  20641422789 kmers; need 6.959 GB to sort     58378061 kmers
Used 118.436 GB / 249999.938 GB to store  20666519502 kmers; need 6.968 GB to sort     58450777 kmers
Used 118.557 GB / 249999.938 GB to store  20691617331 kmers; need 6.977 GB to sort     58525823 kmers
Used 118.679 GB / 249999.938 GB to store  20716715377 kmers; need 6.986 GB to sort     58600190 kmers
Used 118.800 GB / 249999.938 GB to store  20741813609 kmers; need 6.995 GB to sort     58681198 kmers
Used 118.921 GB / 249999.938 GB to store  20766911159 kmers; need 7.005 GB to sort     58763634 kmers
Used 119.044 GB / 249999.938 GB to store  20792009227 kmers; need 7.014 GB to sort     58839655 kmers
Used 119.166 GB / 249999.938 GB to store  20817107428 kmers; need 7.023 GB to sort     58916194 kmers
Used 119.287 GB / 249999.938 GB to store  20842205114 kmers; need 7.032 GB to sort     58990761 kmers
Used 119.408 GB / 249999.938 GB to store  20867301579 kmers; need 7.042 GB to sort     59069220 kmers
Used 119.529 GB / 249999.938 GB to store  20892399625 kmers; need 7.050 GB to sort     59143147 kmers
Used 119.652 GB / 249999.938 GB to store  20917497005 kmers; need 7.060 GB to sort     59226021 kmers
Used 119.774 GB / 249999.938 GB to store  20942594214 kmers; need 7.070 GB to sort     59307367 kmers
Used 119.895 GB / 249999.938 GB to store  20967692384 kmers; need 7.080 GB to sort     59388304 kmers
Used 120.017 GB / 249999.938 GB to store  20992790833 kmers; need 7.089 GB to sort     59467306 kmers
Used 120.139 GB / 249999.938 GB to store  21017887842 kmers; need 7.098 GB to sort     59545254 kmers
Used 120.260 GB / 249999.938 GB to store  21042985020 kmers; need 7.108 GB to sort     59622116 kmers
Used 120.383 GB / 249999.938 GB to store  21068082742 kmers; need 7.118 GB to sort     59708012 kmers
Used 120.505 GB / 249999.938 GB to store  21093180478 kmers; need 7.127 GB to sort     59787265 kmers
Used 120.627 GB / 249999.938 GB to store  21118276532 kmers; need 7.136 GB to sort     59862552 kmers
Used 120.748 GB / 249999.938 GB to store  21143374199 kmers; need 7.145 GB to sort     59937163 kmers
Used 120.870 GB / 249999.938 GB to store  21168471579 kmers; need 7.154 GB to sort     60014110 kmers
Used 120.991 GB / 249999.938 GB to store  21193568788 kmers; need 7.164 GB to sort     60093891 kmers
Used 121.112 GB / 249999.938 GB to store  21218666865 kmers; need 7.173 GB to sort     60172327 kmers
Used 121.233 GB / 249999.938 GB to store  21243764787 kmers; need 7.182 GB to sort     60250594 kmers
Used 121.356 GB / 249999.938 GB to store  21268862641 kmers; need 7.192 GB to sort     60330287 kmers
Used 121.477 GB / 249999.938 GB to store  21293961400 kmers; need 7.201 GB to sort     60404788 kmers
Used 121.599 GB / 249999.938 GB to store  21319058316 kmers; need 7.209 GB to sort     60477294 kmers
Used 121.720 GB / 249999.938 GB to store  21344156061 kmers; need 7.219 GB to sort     60555820 kmers
Used 121.841 GB / 249999.938 GB to store  21369253260 kmers; need 7.229 GB to sort     60638037 kmers
Used 121.962 GB / 249999.938 GB to store  21394351027 kmers; need 7.238 GB to sort     60717852 kmers
Used 122.084 GB / 249999.938 GB to store  21419449383 kmers; need 7.248 GB to sort     60797041 kmers
Used 122.206 GB / 249999.938 GB to store  21444547925 kmers; need 7.257 GB to sort     60875423 kmers
Used 122.327 GB / 249999.938 GB to store  21469646436 kmers; need 7.266 GB to sort     60954452 kmers
Used 122.449 GB / 249999.938 GB to store  21494745505 kmers; need 7.276 GB to sort     61032513 kmers
Used 122.570 GB / 249999.938 GB to store  21519843892 kmers; need 7.285 GB to sort     61108022 kmers
Used 122.692 GB / 249999.938 GB to store  21544942620 kmers; need 7.294 GB to sort     61188303 kmers

Input complete.  Writing results to '/scratch/galeov97/begendiv/pipelines_data_test/results/genome_profiling/sample_1.meryl', using 8 threads.
finishIteration()--

Finished counting.

Cleaning up.

Bye.
[Wed Dec 13 17:21:17 2023]
Finished job 0.
1 of 1 steps (100%) done
