/home/galeov97/mambaforge/envs/GEP/lib/python3.10/site-packages/google/protobuf/internal/api_implementation.py:110: UserWarning: Selected implementation cpp is not available.
  warnings.warn(
Building DAG of jobs...
Your conda installation is not configured to use strict channel priorities. This is however crucial for having robust and correct environments (for details, see https://conda-forge.org/docs/user/tipsandtricks.html). Please consider to configure strict priorities by executing 'conda config --set channel_priority strict'.
Using shell: /usr/bin/bash
Provided cores: 8
Rules claiming more threads will be scaled down.
Select jobs to execute...

[Wed Dec 13 17:21:37 2023]
rule merge_kmers:
    input: /scratch/galeov97/begendiv/pipelines_data_test/results/genome_profiling/sample_1.meryl
    output: /scratch/galeov97/begendiv/pipelines_data_test/results/genome_profiling/speciesX.meryl
    jobid: 0
    reason: Forced execution
    threads: 8
    resources: mem_mb=250000, disk_mb=1000, tmpdir=/scratch/tmp/galeov97/tmp.15865921.0, partition=begendiv,main, qos=standard, time=12:00:00

Activating conda environment: .snakemake/conda/402a6e3dcf83d20fad55f3a324c837a6

Found 1 command tree.

PROCESSING TREE #1 using 8 threads.
  opUnionSum
    /scratch/galeov97/begendiv/pipelines_data_test/results/genome_profiling/sample_1.meryl
    output to /scratch/galeov97/begendiv/pipelines_data_test/results/genome_profiling/speciesX.meryl

Cleaning up.

Bye.
[Wed Dec 13 17:22:30 2023]
Finished job 0.
1 of 1 steps (100%) done
